<?xml version="1.0" encoding="UTF-8"?>
<robot generator="Robot 6.0.2 (Python 3.8.8 on win32)" generated="20230421 18:09:01.740" rpa="false" schemaversion="3">
<suite id="s1" name="Categories" source="D:\jalasoft\API_testing2\proyecto_robot\WordPress_ApiTesting\wp_api\tests\categories">
<suite id="s1-s1" name="Tb76 Categories" source="D:\jalasoft\API_testing2\proyecto_robot\WordPress_ApiTesting\wp_api\tests\categories\tb76_categories.robot">
<test id="s1-s1-t1" name="Create a category and get it from list of categories" line="13">
<kw name="Create New Session" library="categories_crud" type="SETUP">
<kw name="Create Session" library="libraries.authentication.custom_session.CustomSession">
<var>${session}</var>
<var>${params}</var>
<doc>Returns created session on demand</doc>
<msg timestamp="20230421 18:09:05.542" level="INFO">${session} = &lt;requests.sessions.Session object at 0x000001F01D77C4C0&gt;</msg>
<msg timestamp="20230421 18:09:05.542" level="INFO">${params} = {}</msg>
<status status="PASS" starttime="20230421 18:09:05.542" endtime="20230421 18:09:05.542"/>
</kw>
<kw name="Set Global Variable" library="BuiltIn">
<arg>${session}</arg>
<doc>Makes a variable available globally in all tests and suites.</doc>
<msg timestamp="20230421 18:09:05.543" level="INFO">${session} = &lt;requests.sessions.Session object at 0x000001F01D77C4C0&gt;</msg>
<status status="PASS" starttime="20230421 18:09:05.542" endtime="20230421 18:09:05.543"/>
</kw>
<kw name="Set Global Variable" library="BuiltIn">
<arg>${params}</arg>
<doc>Makes a variable available globally in all tests and suites.</doc>
<msg timestamp="20230421 18:09:05.543" level="INFO">${params} = {}</msg>
<status status="PASS" starttime="20230421 18:09:05.543" endtime="20230421 18:09:05.543"/>
</kw>
<status status="PASS" starttime="20230421 18:09:05.542" endtime="20230421 18:09:05.543"/>
</kw>
<kw name="Create Category" library="categories_crud">
<arg>${body}</arg>
<kw name="Get Url" library="libraries.process_data.url_assembler.UrlAssembler">
<var>${url}</var>
<arg>endpoint=${endpoint}</arg>
<doc>Returns the URL</doc>
<msg timestamp="20230421 18:09:05.544" level="INFO">${url} = http://localhost/wordpress/wp-json/wp/v2/categories</msg>
<status status="PASS" starttime="20230421 18:09:05.544" endtime="20230421 18:09:05.544"/>
</kw>
<kw name="Custom Post" library="libraries.requests.custom_request.CustomRequest">
<var>${response_create}</var>
<arg>${session}</arg>
<arg>${url}</arg>
<arg>${params}</arg>
<arg>${body}</arg>
<arg>201</arg>
<doc>Custom post request</doc>
<msg timestamp="20230421 18:09:06.841" level="INFO">${response_create} = {'id': 537, 'count': 0, 'description': 'this is a description 26481264830226630586194620963020057854851988446394TJJRNKDVFAOXMAQLLNTAKCYWICIFDMOIIVIFLCHVTJSCKXSWTF', 'link': 'http://localhost/wordpress...</msg>
<status status="PASS" starttime="20230421 18:09:05.544" endtime="20230421 18:09:06.841"/>
</kw>
<kw name="Verify Schema" library="libraries.assertions.verification.Verification">
<arg>${schemas_path}/create_category.json</arg>
<arg>${response_create}</arg>
<doc>Asserts the response corresponds to the schema</doc>
<msg timestamp="20230421 18:09:06.842" level="INFO">*****Expected******</msg>
<msg timestamp="20230421 18:09:06.842" level="INFO">{'definitions': {}, '$schema': 'http://json-schema.org/draft-07/schema#', '$id': 'https://example.com/object1682023622.json', 'title': 'Root', 'type': 'object', 'required': ['id', 'count', 'description', 'link', 'name', 'slug', 'taxonomy', 'parent', 'meta', '_links'], 'properties': {'id': {'$id': '#root/id', 'title': 'Id', 'type': 'integer', 'examples': [208], 'default': 0}, 'count': {'$id': '#root/count', 'title': 'Count', 'type': 'integer', 'examples': [0], 'default': 0}, 'description': {'$id': '#root/description', 'title': 'Description', 'type': 'string', 'default': '', 'examples': ['description'], 'pattern': '^.*$'}, 'link': {'$id': '#root/link', 'title': 'Link', 'type': 'string', 'default': '', 'examples': ['http://localhost/wordpress/category/category-091238-2/'], 'pattern': '^.*$'}, 'name': {'$id': '#root/name', 'title': 'Name', 'type': 'string', 'default': '', 'examples': ['Nueva CategorÃ\xada 1234567789'], 'pattern': '^.*$'}, 'slug': {'$id': '#root/slug', 'title': 'Slug', 'type': 'string', 'default': '', 'examples': ['category-091238-2'], 'pattern': '^.*$'}, 'taxonomy': {'$id': '#root/taxonomy', 'title': 'Taxonomy', 'type': 'string', 'default': '', 'examples': ['category'], 'pattern': '^.*$'}, 'parent': {'$id': '#root/parent', 'title': 'Parent', 'type': 'integer', 'examples': [0], 'default': 0}, 'meta': {'$id': '#root/meta', 'title': 'Meta', 'type': 'array', 'default': []}, '_links': {'$id': '#root/_links', 'title': '_links', 'type': 'object', 'required': ['self', 'collection', 'about', 'wp:post_type', 'curies'], 'properties': {'self': {'$id': '#root/_links/self', 'title': 'Self', 'type': 'array', 'default': [], 'items': {'$id': '#root/_links/self/items', 'title': 'Items', 'type': 'object', 'required': ['href'], 'properties': {'href': {'$id': '#root/_links/self/items/href', 'title': 'Href', 'type': 'string', 'default': '', 'examples': ['http://localhost/wordpress/wp-json/wp/v2/categories/208'], 'pattern': '^.*$'}}}}, 'collection': {'$id': '#root/_links/collection', 'title': 'Collection', 'type': 'array', 'default': [], 'items': {'$id': '#root/_links/collection/items', 'title': 'Items', 'type': 'object', 'required': ['href'], 'properties': {'href': {'$id': '#root/_links/collection/items/href', 'title': 'Href', 'type': 'string', 'default': '', 'examples': ['http://localhost/wordpress/wp-json/wp/v2/categories'], 'pattern': '^.*$'}}}}, 'about': {'$id': '#root/_links/about', 'title': 'About', 'type': 'array', 'default': [], 'items': {'$id': '#root/_links/about/items', 'title': 'Items', 'type': 'object', 'required': ['href'], 'properties': {'href': {'$id': '#root/_links/about/items/href', 'title': 'Href', 'type': 'string', 'default': '', 'examples': ['http://localhost/wordpress/wp-json/wp/v2/taxonomies/category'], 'pattern': '^.*$'}}}}, 'wp:post_type': {'$id': '#root/_links/wp:post_type', 'title': 'Wp:post_type', 'type': 'array', 'default': [], 'items': {'$id': '#root/_links/wp:post_type/items', 'title': 'Items', 'type': 'object', 'required': ['href'], 'properties': {'href': {'$id': '#root/_links/wp:post_type/items/href', 'title': 'Href', 'type': 'string', 'default': '', 'examples': ['http://localhost/wordpress/wp-json/wp/v2/posts?categories=208'], 'pattern': '^.*$'}}}}, 'curies': {'$id': '#root/_links/curies', 'title': 'Curies', 'type': 'array', 'default': [], 'items': {'$id': '#root/_links/curies/items', 'title': 'Items', 'type': 'object', 'required': ['name', 'href', 'templated'], 'properties': {'name': {'$id': '#root/_links/curies/items/name', 'title': 'Name', 'type': 'string', 'default': '', 'examples': ['wp'], 'pattern': '^.*$'}, 'href': {'$id': '#root/_links/curies/items/href', 'title': 'Href', 'type': 'string', 'default': '', 'examples': ['https://api.w.org/{rel}'], 'pattern': '^.*$'}, 'templated': {'$id': '#root/_links/curies/items/templated', 'title': 'Templated', 'type': 'boolean', 'examples': [True], 'default': True}}}}}}}}</msg>
<msg timestamp="20230421 18:09:06.842" level="INFO">*****Actual******</msg>
<msg timestamp="20230421 18:09:06.842" level="INFO">{'id': 537, 'count': 0, 'description': 'this is a description 26481264830226630586194620963020057854851988446394TJJRNKDVFAOXMAQLLNTAKCYWICIFDMOIIVIFLCHVTJSCKXSWTF', 'link': 'http://localhost/wordpress/category/category78598ybict/', 'name': 'category78598YBICT', 'slug': 'category78598ybict', 'taxonomy': 'category', 'parent': 0, 'meta': [], '_links': {'self': [{'href': 'http://localhost/wordpress/wp-json/wp/v2/categories/537'}], 'collection': [{'href': 'http://localhost/wordpress/wp-json/wp/v2/categories'}], 'about': [{'href': 'http://localhost/wordpress/wp-json/wp/v2/taxonomies/category'}], 'wp:post_type': [{'href': 'http://localhost/wordpress/wp-json/wp/v2/posts?categories=537'}], 'curies': [{'name': 'wp', 'href': 'https://api.w.org/{rel}', 'templated': True}]}}</msg>
<status status="PASS" starttime="20230421 18:09:06.841" endtime="20230421 18:09:06.847"/>
</kw>
<kw name="Log" library="BuiltIn">
<arg>Category Created: ${response_create}</arg>
<doc>Logs the given message with the given level.</doc>
<msg timestamp="20230421 18:09:06.848" level="INFO">Category Created: {'id': 537, 'count': 0, 'description': 'this is a description 26481264830226630586194620963020057854851988446394TJJRNKDVFAOXMAQLLNTAKCYWICIFDMOIIVIFLCHVTJSCKXSWTF', 'link': 'http://localhost/wordpress/category/category78598ybict/', 'name': 'category78598YBICT', 'slug': 'category78598ybict', 'taxonomy': 'category', 'parent': 0, 'meta': [], '_links': {'self': [{'href': 'http://localhost/wordpress/wp-json/wp/v2/categories/537'}], 'collection': [{'href': 'http://localhost/wordpress/wp-json/wp/v2/categories'}], 'about': [{'href': 'http://localhost/wordpress/wp-json/wp/v2/taxonomies/category'}], 'wp:post_type': [{'href': 'http://localhost/wordpress/wp-json/wp/v2/posts?categories=537'}], 'curies': [{'name': 'wp', 'href': 'https://api.w.org/{rel}', 'templated': True}]}}</msg>
<status status="PASS" starttime="20230421 18:09:06.847" endtime="20230421 18:09:06.848"/>
</kw>
<kw name="Get Key Value" library="libraries.process_data.process_data.ProcessData">
<var>${ID}</var>
<arg>${response_create}</arg>
<arg>id</arg>
<doc>Returns the value of the specified key</doc>
<msg timestamp="20230421 18:09:06.848" level="INFO">${ID} = 537</msg>
<status status="PASS" starttime="20230421 18:09:06.848" endtime="20230421 18:09:06.848"/>
</kw>
<kw name="Get Category" library="categories_crud">
<arg>${ID}</arg>
<arg>200</arg>
<kw name="Get Url" library="libraries.process_data.url_assembler.UrlAssembler">
<var>${url}</var>
<arg>endpoint=${endpoint}</arg>
<doc>Returns the URL</doc>
<msg timestamp="20230421 18:09:06.848" level="INFO">${url} = http://localhost/wordpress/wp-json/wp/v2/categories</msg>
<status status="PASS" starttime="20230421 18:09:06.848" endtime="20230421 18:09:06.848"/>
</kw>
<kw name="Custom Get" library="libraries.requests.custom_request.CustomRequest">
<var>${response_get}</var>
<arg>${session}</arg>
<arg>${url}/${id}</arg>
<arg>${params}</arg>
<arg>${status}</arg>
<doc>Custom get request</doc>
<msg timestamp="20230421 18:09:07.084" level="INFO">${response_get} = {'id': 537, 'count': 0, 'description': 'this is a description 26481264830226630586194620963020057854851988446394TJJRNKDVFAOXMAQLLNTAKCYWICIFDMOIIVIFLCHVTJSCKXSWTF', 'link': 'http://localhost/wordpress...</msg>
<status status="PASS" starttime="20230421 18:09:06.849" endtime="20230421 18:09:07.084"/>
</kw>
<kw name="Verify Schema" library="libraries.assertions.verification.Verification">
<arg>${schemas_path}/get_category.json</arg>
<arg>${response_get}</arg>
<doc>Asserts the response corresponds to the schema</doc>
<msg timestamp="20230421 18:09:07.085" level="INFO">*****Expected******</msg>
<msg timestamp="20230421 18:09:07.085" level="INFO">{'$schema': 'http://json-schema.org/draft-04/schema#', 'type': 'object', 'properties': {'id': {'type': 'integer'}, 'count': {'type': 'integer'}, 'description': {'type': 'string'}, 'link': {'type': 'string'}, 'name': {'type': 'string'}, 'slug': {'type': 'string'}, 'taxonomy': {'type': 'string'}, 'parent': {'type': 'integer'}, 'meta': {'type': 'array', 'items': {}}, '_links': {'type': 'object', 'properties': {'self': {'type': 'array', 'items': [{'type': 'object', 'properties': {'href': {'type': 'string'}}, 'required': ['href']}]}, 'collection': {'type': 'array', 'items': [{'type': 'object', 'properties': {'href': {'type': 'string'}}, 'required': ['href']}]}, 'about': {'type': 'array', 'items': [{'type': 'object', 'properties': {'href': {'type': 'string'}}, 'required': ['href']}]}, 'wp:post_type': {'type': 'array', 'items': [{'type': 'object', 'properties': {'href': {'type': 'string'}}, 'required': ['href']}]}, 'curies': {'type': 'array', 'items': [{'type': 'object', 'properties': {'name': {'type': 'string'}, 'href': {'type': 'string'}, 'templated': {'type': 'boolean'}}, 'required': ['name', 'href', 'templated']}]}}, 'required': ['self', 'collection', 'about', 'wp:post_type', 'curies']}}, 'required': ['id', 'count', 'description', 'link', 'name', 'slug', 'taxonomy', 'parent', 'meta', '_links']}</msg>
<msg timestamp="20230421 18:09:07.085" level="INFO">*****Actual******</msg>
<msg timestamp="20230421 18:09:07.085" level="INFO">{'id': 537, 'count': 0, 'description': 'this is a description 26481264830226630586194620963020057854851988446394TJJRNKDVFAOXMAQLLNTAKCYWICIFDMOIIVIFLCHVTJSCKXSWTF', 'link': 'http://localhost/wordpress/category/category78598ybict/', 'name': 'category78598YBICT', 'slug': 'category78598ybict', 'taxonomy': 'category', 'parent': 0, 'meta': [], '_links': {'self': [{'href': 'http://localhost/wordpress/wp-json/wp/v2/categories/537'}], 'collection': [{'href': 'http://localhost/wordpress/wp-json/wp/v2/categories'}], 'about': [{'href': 'http://localhost/wordpress/wp-json/wp/v2/taxonomies/category'}], 'wp:post_type': [{'href': 'http://localhost/wordpress/wp-json/wp/v2/posts?categories=537'}], 'curies': [{'name': 'wp', 'href': 'https://api.w.org/{rel}', 'templated': True}]}}</msg>
<status status="PASS" starttime="20230421 18:09:07.085" endtime="20230421 18:09:07.088"/>
</kw>
<kw name="Set Global Variable" library="BuiltIn">
<arg>${response_get}</arg>
<doc>Makes a variable available globally in all tests and suites.</doc>
<msg timestamp="20230421 18:09:07.088" level="INFO">${response_get} = {'id': 537, 'count': 0, 'description': 'this is a description 26481264830226630586194620963020057854851988446394TJJRNKDVFAOXMAQLLNTAKCYWICIFDMOIIVIFLCHVTJSCKXSWTF', 'link': 'http://localhost/wordpress...</msg>
<status status="PASS" starttime="20230421 18:09:07.088" endtime="20230421 18:09:07.088"/>
</kw>
<status status="PASS" starttime="20230421 18:09:06.848" endtime="20230421 18:09:07.088"/>
</kw>
<kw name="Verify Subset Ignore" library="libraries.assertions.verification.Verification">
<arg>${response_get}</arg>
<arg>${body}</arg>
<doc>Asserts the expected is subset of actual ignoring params</doc>
<msg timestamp="20230421 18:09:07.088" level="INFO">*****Expected******</msg>
<msg timestamp="20230421 18:09:07.089" level="INFO">{'name': 'category78598YBICT', 'description': 'this is a description 26481264830226630586194620963020057854851988446394TJJRNKDVFAOXMAQLLNTAKCYWICIFDMOIIVIFLCHVTJSCKXSWTF', 'slug': 'category78598ybict', 'meta': []}</msg>
<msg timestamp="20230421 18:09:07.089" level="INFO">*****Actual******</msg>
<msg timestamp="20230421 18:09:07.089" level="INFO">{'id': 537, 'count': 0, 'description': 'this is a description 26481264830226630586194620963020057854851988446394TJJRNKDVFAOXMAQLLNTAKCYWICIFDMOIIVIFLCHVTJSCKXSWTF', 'link': 'http://localhost/wordpress/category/category78598ybict/', 'name': 'category78598YBICT', 'slug': 'category78598ybict', 'taxonomy': 'category', 'parent': 0, 'meta': [], '_links': {'self': [{'href': 'http://localhost/wordpress/wp-json/wp/v2/categories/537'}], 'collection': [{'href': 'http://localhost/wordpress/wp-json/wp/v2/categories'}], 'about': [{'href': 'http://localhost/wordpress/wp-json/wp/v2/taxonomies/category'}], 'wp:post_type': [{'href': 'http://localhost/wordpress/wp-json/wp/v2/posts?categories=537'}], 'curies': [{'name': 'wp', 'href': 'https://api.w.org/{rel}', 'templated': True}]}}</msg>
<status status="PASS" starttime="20230421 18:09:07.088" endtime="20230421 18:09:07.089"/>
</kw>
<kw name="Set Global Variable" library="BuiltIn">
<arg>${ID}</arg>
<doc>Makes a variable available globally in all tests and suites.</doc>
<msg timestamp="20230421 18:09:07.089" level="INFO">${ID} = 537</msg>
<status status="PASS" starttime="20230421 18:09:07.089" endtime="20230421 18:09:07.089"/>
</kw>
<kw name="Set Global Variable" library="BuiltIn">
<arg>${response_create}</arg>
<doc>Makes a variable available globally in all tests and suites.</doc>
<msg timestamp="20230421 18:09:07.089" level="INFO">${response_create} = {'id': 537, 'count': 0, 'description': 'this is a description 26481264830226630586194620963020057854851988446394TJJRNKDVFAOXMAQLLNTAKCYWICIFDMOIIVIFLCHVTJSCKXSWTF', 'link': 'http://localhost/wordpress...</msg>
<status status="PASS" starttime="20230421 18:09:07.089" endtime="20230421 18:09:07.089"/>
</kw>
<status status="PASS" starttime="20230421 18:09:05.543" endtime="20230421 18:09:07.089"/>
</kw>
<kw name="Get all Categories" library="categories_crud">
<kw name="Get Url" library="libraries.process_data.url_assembler.UrlAssembler">
<var>${url}</var>
<arg>endpoint=${endpoint}</arg>
<doc>Returns the URL</doc>
<msg timestamp="20230421 18:09:07.090" level="INFO">${url} = http://localhost/wordpress/wp-json/wp/v2/categories</msg>
<status status="PASS" starttime="20230421 18:09:07.090" endtime="20230421 18:09:07.090"/>
</kw>
<kw name="Custom Get" library="libraries.requests.custom_request.CustomRequest">
<var>${response_get_all}</var>
<arg>${session}</arg>
<arg>${url}</arg>
<arg>${params}</arg>
<doc>Custom get request</doc>
<msg timestamp="20230421 18:09:07.326" level="INFO">${response_get_all} = [{'id': 267, 'count': 0, 'description': '', 'link': 'http://localhost/wordpress/category/sin-categoria/category-954-sin-categoria/', 'name': 'category 9545', 'slug': 'category-954-sin-categoria', 'tax...</msg>
<status status="PASS" starttime="20230421 18:09:07.090" endtime="20230421 18:09:07.326"/>
</kw>
<kw name="Verify Schema" library="libraries.assertions.verification.Verification">
<arg>${schemas_path}/get_all_categories.json</arg>
<arg>${response_get_all}</arg>
<doc>Asserts the response corresponds to the schema</doc>
<msg timestamp="20230421 18:09:07.327" level="INFO">*****Expected******</msg>
<msg timestamp="20230421 18:09:07.327" level="INFO">{'definitions': {}, '$schema': 'http://json-schema.org/draft-07/schema#', '$id': 'https://example.com/object1682036401.json', 'title': 'Root', 'type': 'array', 'default': [], 'items': {'$id': '#root/items', 'title': 'Items', 'type': 'object', 'required': ['id', 'count', 'description', 'link', 'name', 'slug', 'taxonomy', 'parent', 'meta', '_links'], 'properties': {'id': {'$id': '#root/items/id', 'title': 'Id', 'type': 'integer', 'examples': [207], 'default': 0}, 'count': {'$id': '#root/items/count', 'title': 'Count', 'type': 'integer', 'examples': [0], 'default': 0}, 'description': {'$id': '#root/items/description', 'title': 'Description', 'type': 'string', 'default': '', 'examples': [''], 'pattern': '^.*$'}, 'link': {'$id': '#root/items/link', 'title': 'Link', 'type': 'string', 'default': '', 'examples': ['http://localhost/wordpress/category/category-091238/'], 'pattern': '^.*$'}, 'name': {'$id': '#root/items/name', 'title': 'Name', 'type': 'string', 'default': '', 'examples': ['category 091238'], 'pattern': '^.*$'}, 'slug': {'$id': '#root/items/slug', 'title': 'Slug', 'type': 'string', 'default': '', 'examples': ['category-091238'], 'pattern': '^.*$'}, 'taxonomy': {'$id': '#root/items/taxonomy', 'title': 'Taxonomy', 'type': 'string', 'default': '', 'examples': ['category'], 'pattern': '^.*$'}, 'parent': {'$id': '#root/items/parent', 'title': 'Parent', 'type': 'integer', 'examples': [0], 'default': 0}, 'meta': {'$id': '#root/items/meta', 'title': 'Meta', 'type': 'array', 'default': []}, '_links': {'$id': '#root/items/_links', 'title': '_links', 'type': 'object', 'required': ['self', 'collection', 'about', 'wp:post_type', 'curies'], 'properties': {'self': {'$id': '#root/items/_links/self', 'title': 'Self', 'type': 'array', 'default': [], 'items': {'$id': '#root/items/_links/self/items', 'title': 'Items', 'type': 'object', 'required': ['href'], 'properties': {'href': {'$id': '#root/items/_links/self/items/href', 'title': 'Href', 'type': 'string', 'default': '', 'examples': ['http://localhost/wordpress/wp-json/wp/v2/categories/207'], 'pattern': '^.*$'}}}}, 'collection': {'$id': '#root/items/_links/collection', 'title': 'Collection', 'type': 'array', 'default': [], 'items': {'$id': '#root/items/_links/collection/items', 'title': 'Items', 'type': 'object', 'required': ['href'], 'properties': {'href': {'$id': '#root/items/_links/collection/items/href', 'title': 'Href', 'type': 'string', 'default': '', 'examples': ['http://localhost/wordpress/wp-json/wp/v2/categories'], 'pattern': '^.*$'}}}}, 'about': {'$id': '#root/items/_links/about', 'title': 'About', 'type': 'array', 'default': [], 'items': {'$id': '#root/items/_links/about/items', 'title': 'Items', 'type': 'object', 'required': ['href'], 'properties': {'href': {'$id': '#root/items/_links/about/items/href', 'title': 'Href', 'type': 'string', 'default': '', 'examples': ['http://localhost/wordpress/wp-json/wp/v2/taxonomies/category'], 'pattern': '^.*$'}}}}, 'wp:post_type': {'$id': '#root/items/_links/wp:post_type', 'title': 'Wp:post_type', 'type': 'array', 'default': [], 'items': {'$id': '#root/items/_links/wp:post_type/items', 'title': 'Items', 'type': 'object', 'required': ['href'], 'properties': {'href': {'$id': '#root/items/_links/wp:post_type/items/href', 'title': 'Href', 'type': 'string', 'default': '', 'examples': ['http://localhost/wordpress/wp-json/wp/v2/posts?categories=207'], 'pattern': '^.*$'}}}}, 'curies': {'$id': '#root/items/_links/curies', 'title': 'Curies', 'type': 'array', 'default': [], 'items': {'$id': '#root/items/_links/curies/items', 'title': 'Items', 'type': 'object', 'required': ['name', 'href', 'templated'], 'properties': {'name': {'$id': '#root/items/_links/curies/items/name', 'title': 'Name', 'type': 'string', 'default': '', 'examples': ['wp'], 'pattern': '^.*$'}, 'href': {'$id': '#root/items/_links/curies/items/href', 'title': 'Href', 'type': 'string', 'default': '', 'examples': ['https://api.w.org/{rel}'], 'pattern': '^.*$'}, 'templated': {'$id': '#root/items/_links/curies/items/templated', 'title': 'Templated', 'type': 'boolean', 'examples': [True], 'default': True}}}}}}}}}</msg>
<msg timestamp="20230421 18:09:07.327" level="INFO">*****Actual******</msg>
<msg timestamp="20230421 18:09:07.327" level="INFO">[{'id': 267, 'count': 0, 'description': '', 'link': 'http://localhost/wordpress/category/sin-categoria/category-954-sin-categoria/', 'name': 'category 9545', 'slug': 'category-954-sin-categoria', 'taxonomy': 'category', 'parent': 1, 'meta': [], '_links': {'self': [{'href': 'http://localhost/wordpress/wp-json/wp/v2/categories/267'}], 'collection': [{'href': 'http://localhost/wordpress/wp-json/wp/v2/categories'}], 'about': [{'href': 'http://localhost/wordpress/wp-json/wp/v2/taxonomies/category'}], 'up': [{'embeddable': True, 'href': 'http://localhost/wordpress/wp-json/wp/v2/categories/1'}], 'wp:post_type': [{'href': 'http://localhost/wordpress/wp-json/wp/v2/posts?categories=267'}], 'curies': [{'name': 'wp', 'href': 'https://api.w.org/{rel}', 'templated': True}]}}, {'id': 536, 'count': 0, 'description': 'this is a description 68034875792590123257659615780587441944975831663471BLMJWHRINOGIMHQKNXVXCESGWKIWMLOGVFZOICRHEIEVKZVSCS', 'link': 'http://localhost/wordpress/category/category08459xoxva/', 'name': 'category08459XOXVA', 'slug': 'category08459xoxva', 'taxonomy': 'category', 'parent': 0, 'meta': [], '_links': {'self': [{'href': 'http://localhost/wordpress/wp-json/wp/v2/categories/536'}], 'collection': [{'href': 'http://localhost/wordpress/wp-json/wp/v2/categories'}], 'about': [{'href': 'http://localhost/wordpress/wp-json/wp/v2/taxonomies/category'}], 'wp:post_type': [{'href': 'http://localhost/wordpress/wp-json/wp/v2/posts?categories=536'}], 'curies': [{'name': 'wp', 'href': 'https://api.w.org/{rel}', 'templated': True}]}}, {'id': 520, 'count': 0, 'description': 'this is a description 28255755167119649749770515074363628367869302412829EDFRPBIXYFHMFROMHKVGAXJQHCFNMJFERZJZFKPFWXPQXVMCBT', 'link': 'http://localhost/wordpress/category/category33142ldpdg/', 'name': 'category33142LDPDG', 'slug': 'category33142ldpdg', 'taxonomy': 'category', 'parent': 0, 'meta': [], '_links': {'self': [{'href': 'http://localhost/wordpress/wp-json/wp/v2/categories/520'}], 'collection': [{'href': 'http://localhost/wordpress/wp-json/wp/v2/categories'}], 'about': [{'href': 'http://localhost/wordpress/wp-json/wp/v2/taxonomies/category'}], 'wp:post_type': [{'href': 'http://localhost/wordpress/wp-json/wp/v2/posts?categories=520'}], 'curies': [{'name': 'wp', 'href': 'https://api.w.org/{rel}', 'templated': True}]}}, {'id': 470, 'count': 0, 'description': 'this is a description 88434399563356774679164954110277951472163172162559QDKFFHHOHYCFIDBJERISFIKBMCZZNYLYYJCRSRFTKQBEMNLUSS', 'link': 'http://localhost/wordpress/category/category39454jhpdw/', 'name': 'category39454JHPDW', 'slug': 'category39454jhpdw', 'taxonomy': 'category', 'parent': 0, 'meta': [], '_links': {'self': [{'href': 'http://localhost/wordpress/wp-json/wp/v2/categories/470'}], 'collection': [{'href': 'http://localhost/wordpress/wp-json/wp/v2/categories'}], 'about': [{'href': 'http://localhost/wordpress/wp-json/wp/v2/taxonomies/category'}], 'wp:post_type': [{'href': 'http://localhost/wordpress/wp-json/wp/v2/posts?categories=470'}], 'curies': [{'name': 'wp', 'href': 'https://api.w.org/{rel}', 'templated': True}]}}, {'id': 502, 'count': 0, 'description': 'this is a description 71446493179492814561618873224606639970473214298090PRSBHNHBHZNMWTYGHLLDXIMLMQHXOPQUAIDGWYMRDVLCBGLIRV', 'link': 'http://localhost/wordpress/category/category42288vsvrh/', 'name': 'category42288VSVRH', 'slug': 'category42288vsvrh', 'taxonomy': 'category', 'parent': 0, 'meta': [], '_links': {'self': [{'href': 'http://localhost/wordpress/wp-json/wp/v2/categories/502'}], 'collection': [{'href': 'http://localhost/wordpress/wp-json/wp/v2/categories'}], 'about': [{'href': 'http://localhost/wordpress/wp-json/wp/v2/taxonomies/category'}], 'wp:post_type': [{'href': 'http://localhost/wordpress/wp-json/wp/v2/posts?categories=502'}], 'curies': [{'name': 'wp', 'href': 'https://api.w.org/{rel}', 'templated': True}]}}, {'id': 469, 'count': 0, 'description': 'this is a description 66447794541863122270984011590860593513231034169294RVEFSBMHWGCZKJGENPBNFVMCMZAGKSUOCKVVGYRZKFTOGWCIAQ', 'link': 'http://localhost/wordpress/category/category42755qmfep/', 'name': 'category42755QMFEP', 'slug': 'category42755qmfep', 'taxonomy': 'category', 'parent': 0, 'meta': [], '_links': {'self': [{'href': 'http://localhost/wordpress/wp-json/wp/v2/categories/469'}], 'collection': [{'href': 'http://localhost/wordpress/wp-json/wp/v2/categories'}], 'about': [{'href': 'http://localhost/wordpress/wp-json/wp/v2/taxonomies/category'}], 'wp:post_type': [{'href': 'http://localhost/wordpress/wp-json/wp/v2/posts?categories=469'}], 'curies': [{'name': 'wp', 'href': 'https://api.w.org/{rel}', 'templated': True}]}}, {'id': 486, 'count': 0, 'description': 'this is a description 67222279880285203623390150259391224986190925604276AOMCJNABBTZMDLFJHFLWIGMBFHYJTIZZIMYBZUQNFDVVXFUCTX', 'link': 'http://localhost/wordpress/category/category56338ceutb/', 'name': 'category56338CEUTB', 'slug': 'category56338ceutb', 'taxonomy': 'category', 'parent': 0, 'meta': [], '_links': {'self': [{'href': 'http://localhost/wordpress/wp-json/wp/v2/categories/486'}], 'collection': [{'href': 'http://localhost/wordpress/wp-json/wp/v2/categories'}], 'about': [{'href': 'http://localhost/wordpress/wp-json/wp/v2/taxonomies/category'}], 'wp:post_type': [{'href': 'http://localhost/wordpress/wp-json/wp/v2/posts?categories=486'}], 'curies': [{'name': 'wp', 'href': 'https://api.w.org/{rel}', 'templated': True}]}}, {'id': 501, 'count': 0, 'description': 'this is a description 51423589483347490370579052653694605137624551527416ZBATPMPBDDWGMQBZFZUTSHTJPMNIWLSPCYSPLVXFYQLTYLSWEM', 'link': 'http://localhost/wordpress/category/category58024lgcdv/', 'name': 'category58024LGCDV', 'slug': 'category58024lgcdv', 'taxonomy': 'category', 'parent': 0, 'meta': [], '_links': {'self': [{'href': 'http://localhost/wordpress/wp-json/wp/v2/categories/501'}], 'collection': [{'href': 'http://localhost/wordpress/wp-json/wp/v2/categories'}], 'about': [{'href': 'http://localhost/wordpress/wp-json/wp/v2/taxonomies/category'}], 'wp:post_type': [{'href': 'http://localhost/wordpress/wp-json/wp/v2/posts?categories=501'}], 'curies': [{'name': 'wp', 'href': 'https://api.w.org/{rel}', 'templated': True}]}}, {'id': 535, 'count': 0, 'description': 'this is a description 56108329495612626189080123678777656565165723189488EPMNMCSUIBKSINWTCBZKRNJNNSZNHJSDEINEKRJRMNBANUZHFQ', 'link': 'http://localhost/wordpress/category/category78505smwnh/', 'name': 'category78505SMWNH', 'slug': 'category78505smwnh', 'taxonomy': 'category', 'parent': 0, 'meta': [], '_links': {'self': [{'href': 'http://localhost/wordpress/wp-json/wp/v2/categories/535'}], 'collection': [{'href': 'http://localhost/wordpress/wp-json/wp/v2/categories'}], 'about': [{'href': 'http://localhost/wordpress/wp-json/wp/v2/taxonomies/category'}], 'wp:post_type': [{'href': 'http://localhost/wordpress/wp-json/wp/v2/posts?categories=535'}], 'curies': [{'name': 'wp', 'href': 'https://api.w.org/{rel}', 'templated': True}]}}, {'id': 537, 'count': 0, 'description': 'this is a description 26481264830226630586194620963020057854851988446394TJJRNKDVFAOXMAQLLNTAKCYWICIFDMOIIVIFLCHVTJSCKXSWTF', 'link': 'http://localhost/wordpress/category/category78598ybict/', 'name': 'category78598YBICT', 'slug': 'category78598ybict', 'taxonomy': 'category', 'parent': 0, 'meta': [], '_links': {'self': [{'href': 'http://localhost/wordpress/wp-json/wp/v2/categories/537'}], 'collection': [{'href': 'http://localhost/wordpress/wp-json/wp/v2/categories'}], 'about': [{'href': 'http://localhost/wordpress/wp-json/wp/v2/taxonomies/category'}], 'wp:post_type': [{'href': 'http://localhost/wordpress/wp-json/wp/v2/posts?categories=537'}], 'curies': [{'name': 'wp', 'href': 'https://api.w.org/{rel}', 'templated': True}]}}]</msg>
<status status="PASS" starttime="20230421 18:09:07.326" endtime="20230421 18:09:07.332"/>
</kw>
<kw name="Set Global Variable" library="BuiltIn">
<arg>${response_get_all}</arg>
<doc>Makes a variable available globally in all tests and suites.</doc>
<msg timestamp="20230421 18:09:07.333" level="INFO">${response_get_all} = [{'id': 267, 'count': 0, 'description': '', 'link': 'http://localhost/wordpress/category/sin-categoria/category-954-sin-categoria/', 'name': 'category 9545', 'slug': 'category-954-sin-categoria', 'tax...</msg>
<status status="PASS" starttime="20230421 18:09:07.333" endtime="20230421 18:09:07.333"/>
</kw>
<status status="PASS" starttime="20230421 18:09:07.090" endtime="20230421 18:09:07.333"/>
</kw>
<kw name="Search Category on List">
<arg>${ID}</arg>
<arg>${response_get_all}</arg>
<arg>${response_create}</arg>
<kw name="Search Element In List" library="libraries.process_data.process_data.ProcessData">
<var>${category}</var>
<arg>id</arg>
<arg>${ID}</arg>
<arg>${response_get_all}</arg>
<doc>Resturns the element selected from the list</doc>
<msg timestamp="20230421 18:09:07.334" level="INFO">${category} = {'id': 537, 'count': 0, 'description': 'this is a description 26481264830226630586194620963020057854851988446394TJJRNKDVFAOXMAQLLNTAKCYWICIFDMOIIVIFLCHVTJSCKXSWTF', 'link': 'http://localhost/wordpress...</msg>
<status status="PASS" starttime="20230421 18:09:07.334" endtime="20230421 18:09:07.334"/>
</kw>
<kw name="Verify Equal Ignore" library="libraries.assertions.verification.Verification">
<arg>${category}</arg>
<arg>${response_create}</arg>
<doc>Asserts the actual is equal to expected ignoring params</doc>
<msg timestamp="20230421 18:09:07.334" level="INFO">*****Expected******</msg>
<msg timestamp="20230421 18:09:07.334" level="INFO">{'id': 537, 'count': 0, 'description': 'this is a description 26481264830226630586194620963020057854851988446394TJJRNKDVFAOXMAQLLNTAKCYWICIFDMOIIVIFLCHVTJSCKXSWTF', 'link': 'http://localhost/wordpress/category/category78598ybict/', 'name': 'category78598YBICT', 'slug': 'category78598ybict', 'taxonomy': 'category', 'parent': 0, 'meta': [], '_links': {'self': [{'href': 'http://localhost/wordpress/wp-json/wp/v2/categories/537'}], 'collection': [{'href': 'http://localhost/wordpress/wp-json/wp/v2/categories'}], 'about': [{'href': 'http://localhost/wordpress/wp-json/wp/v2/taxonomies/category'}], 'wp:post_type': [{'href': 'http://localhost/wordpress/wp-json/wp/v2/posts?categories=537'}], 'curies': [{'name': 'wp', 'href': 'https://api.w.org/{rel}', 'templated': True}]}}</msg>
<msg timestamp="20230421 18:09:07.334" level="INFO">*****Actual******</msg>
<msg timestamp="20230421 18:09:07.334" level="INFO">{'id': 537, 'count': 0, 'description': 'this is a description 26481264830226630586194620963020057854851988446394TJJRNKDVFAOXMAQLLNTAKCYWICIFDMOIIVIFLCHVTJSCKXSWTF', 'link': 'http://localhost/wordpress/category/category78598ybict/', 'name': 'category78598YBICT', 'slug': 'category78598ybict', 'taxonomy': 'category', 'parent': 0, 'meta': [], '_links': {'self': [{'href': 'http://localhost/wordpress/wp-json/wp/v2/categories/537'}], 'collection': [{'href': 'http://localhost/wordpress/wp-json/wp/v2/categories'}], 'about': [{'href': 'http://localhost/wordpress/wp-json/wp/v2/taxonomies/category'}], 'wp:post_type': [{'href': 'http://localhost/wordpress/wp-json/wp/v2/posts?categories=537'}], 'curies': [{'name': 'wp', 'href': 'https://api.w.org/{rel}', 'templated': True}]}}</msg>
<msg timestamp="20230421 18:09:07.334" level="INFO">[]</msg>
<msg timestamp="20230421 18:09:07.334" level="INFO">&lt;class 'list'&gt;</msg>
<msg timestamp="20230421 18:09:07.334" level="INFO">&lt;class 'dict'&gt;</msg>
<msg timestamp="20230421 18:09:07.334" level="INFO">&lt;class 'dict'&gt;</msg>
<status status="PASS" starttime="20230421 18:09:07.334" endtime="20230421 18:09:07.334"/>
</kw>
<status status="PASS" starttime="20230421 18:09:07.333" endtime="20230421 18:09:07.335"/>
</kw>
<kw name="Delete Category" library="categories_crud" type="TEARDOWN">
<arg>${ID}</arg>
<kw name="Get Url" library="libraries.process_data.url_assembler.UrlAssembler">
<var>${url}</var>
<arg>endpoint=${endpoint}</arg>
<doc>Returns the URL</doc>
<msg timestamp="20230421 18:09:07.335" level="INFO">${url} = http://localhost/wordpress/wp-json/wp/v2/categories</msg>
<status status="PASS" starttime="20230421 18:09:07.335" endtime="20230421 18:09:07.335"/>
</kw>
<kw name="Create Dictionary" library="BuiltIn">
<var>${params}</var>
<arg>force=true</arg>
<doc>Creates and returns a dictionary based on the given ``items``.</doc>
<msg timestamp="20230421 18:09:07.336" level="INFO">${params} = {'force': 'true'}</msg>
<status status="PASS" starttime="20230421 18:09:07.335" endtime="20230421 18:09:07.336"/>
</kw>
<kw name="Custom Delete" library="libraries.requests.custom_request.CustomRequest">
<var>${response_delete}</var>
<arg>${session}</arg>
<arg>${url}/${id}</arg>
<arg>${params}</arg>
<doc>Custom delete request</doc>
<msg timestamp="20230421 18:09:07.605" level="INFO">${response_delete} = {'deleted': True, 'previous': {'id': 537, 'count': 0, 'description': 'this is a description 26481264830226630586194620963020057854851988446394TJJRNKDVFAOXMAQLLNTAKCYWICIFDMOIIVIFLCHVTJSCKXSWTF', 'link...</msg>
<status status="PASS" starttime="20230421 18:09:07.336" endtime="20230421 18:09:07.605"/>
</kw>
<kw name="Verify Schema" library="libraries.assertions.verification.Verification">
<arg>${schemas_path}/delete_category.json</arg>
<arg>${response_delete}</arg>
<doc>Asserts the response corresponds to the schema</doc>
<msg timestamp="20230421 18:09:07.606" level="INFO">*****Expected******</msg>
<msg timestamp="20230421 18:09:07.606" level="INFO">{'definitions': {}, '$schema': 'http://json-schema.org/draft-07/schema#', '$id': 'https://example.com/object1682034119.json', 'title': 'Root', 'type': 'object', 'required': ['deleted', 'previous'], 'properties': {'deleted': {'$id': '#root/deleted', 'title': 'Deleted', 'type': 'boolean', 'examples': [True], 'default': True}, 'previous': {'$id': '#root/previous', 'title': 'Previous', 'type': 'object', 'required': ['id', 'count', 'description', 'link', 'name', 'slug', 'taxonomy', 'parent', 'meta'], 'properties': {'id': {'$id': '#root/previous/id', 'title': 'Id', 'type': 'integer', 'examples': [208], 'default': 0}, 'count': {'$id': '#root/previous/count', 'title': 'Count', 'type': 'integer', 'examples': [0], 'default': 0}, 'description': {'$id': '#root/previous/description', 'title': 'Description', 'type': 'string', 'default': '', 'examples': ['description'], 'pattern': '^.*$'}, 'link': {'$id': '#root/previous/link', 'title': 'Link', 'type': 'string', 'default': '', 'examples': ['http://localhost/wordpress/category/category-091238-2/'], 'pattern': '^.*$'}, 'name': {'$id': '#root/previous/name', 'title': 'Name', 'type': 'string', 'default': '', 'examples': ['Nueva CategorÃ\xada 1234567789'], 'pattern': '^.*$'}, 'slug': {'$id': '#root/previous/slug', 'title': 'Slug', 'type': 'string', 'default': '', 'examples': ['category-091238-2'], 'pattern': '^.*$'}, 'taxonomy': {'$id': '#root/previous/taxonomy', 'title': 'Taxonomy', 'type': 'string', 'default': '', 'examples': ['category'], 'pattern': '^.*$'}, 'parent': {'$id': '#root/previous/parent', 'title': 'Parent', 'type': 'integer', 'examples': [0], 'default': 0}, 'meta': {'$id': '#root/previous/meta', 'title': 'Meta', 'type': 'array', 'default': []}}}}}</msg>
<msg timestamp="20230421 18:09:07.606" level="INFO">*****Actual******</msg>
<msg timestamp="20230421 18:09:07.606" level="INFO">{'deleted': True, 'previous': {'id': 537, 'count': 0, 'description': 'this is a description 26481264830226630586194620963020057854851988446394TJJRNKDVFAOXMAQLLNTAKCYWICIFDMOIIVIFLCHVTJSCKXSWTF', 'link': 'http://localhost/wordpress/category/category78598ybict/', 'name': 'category78598YBICT', 'slug': 'category78598ybict', 'taxonomy': 'category', 'parent': 0, 'meta': []}}</msg>
<status status="PASS" starttime="20230421 18:09:07.605" endtime="20230421 18:09:07.607"/>
</kw>
<status status="PASS" starttime="20230421 18:09:07.335" endtime="20230421 18:09:07.607"/>
</kw>
<status status="PASS" starttime="20230421 18:09:05.541" endtime="20230421 18:09:07.608"/>
</test>
<status status="PASS" starttime="20230421 18:09:01.757" endtime="20230421 18:09:07.609"/>
</suite>
<suite id="s1-s2" name="Tb77 Categories" source="D:\jalasoft\API_testing2\proyecto_robot\WordPress_ApiTesting\wp_api\tests\categories\tb77_categories.robot">
<test id="s1-s2-t1" name="Verify is not possible create a category without name" line="11">
<kw name="Create New Session" library="categories_crud" type="SETUP">
<kw name="Create Session" library="libraries.authentication.custom_session.CustomSession">
<var>${session}</var>
<var>${params}</var>
<doc>Returns created session on demand</doc>
<msg timestamp="20230421 18:09:07.616" level="INFO">${session} = &lt;requests.sessions.Session object at 0x000001F01D7F9AC0&gt;</msg>
<msg timestamp="20230421 18:09:07.616" level="INFO">${params} = {}</msg>
<status status="PASS" starttime="20230421 18:09:07.616" endtime="20230421 18:09:07.616"/>
</kw>
<kw name="Set Global Variable" library="BuiltIn">
<arg>${session}</arg>
<doc>Makes a variable available globally in all tests and suites.</doc>
<msg timestamp="20230421 18:09:07.617" level="INFO">${session} = &lt;requests.sessions.Session object at 0x000001F01D7F9AC0&gt;</msg>
<status status="PASS" starttime="20230421 18:09:07.616" endtime="20230421 18:09:07.617"/>
</kw>
<kw name="Set Global Variable" library="BuiltIn">
<arg>${params}</arg>
<doc>Makes a variable available globally in all tests and suites.</doc>
<msg timestamp="20230421 18:09:07.617" level="INFO">${params} = {}</msg>
<status status="PASS" starttime="20230421 18:09:07.617" endtime="20230421 18:09:07.617"/>
</kw>
<status status="PASS" starttime="20230421 18:09:07.616" endtime="20230421 18:09:07.617"/>
</kw>
<kw name="Create Category With Error" library="categories_crud_with_errors">
<arg>${body}</arg>
<arg>${error_missing_name}</arg>
<kw name="Get Url" library="libraries.process_data.url_assembler.UrlAssembler">
<var>${url}</var>
<arg>endpoint=${endpoint}</arg>
<doc>Returns the URL</doc>
<msg timestamp="20230421 18:09:07.618" level="INFO">${url} = http://localhost/wordpress/wp-json/wp/v2/categories</msg>
<status status="PASS" starttime="20230421 18:09:07.618" endtime="20230421 18:09:07.618"/>
</kw>
<kw name="Custom Post" library="libraries.requests.custom_request.CustomRequest">
<var>${response_create_error}</var>
<arg>${session}</arg>
<arg>${url}</arg>
<arg>${params}</arg>
<arg>${body}</arg>
<arg>400</arg>
<doc>Custom post request</doc>
<msg timestamp="20230421 18:09:07.855" level="INFO">${response_create_error} = {'code': 'rest_missing_callback_param', 'message': 'Missing parameter(s): name', 'data': {'status': 400, 'params': ['name']}}</msg>
<status status="PASS" starttime="20230421 18:09:07.618" endtime="20230421 18:09:07.855"/>
</kw>
<kw name="Log" library="BuiltIn">
<arg>Category Created: ${response_create_error}</arg>
<doc>Logs the given message with the given level.</doc>
<msg timestamp="20230421 18:09:07.855" level="INFO">Category Created: {'code': 'rest_missing_callback_param', 'message': 'Missing parameter(s): name', 'data': {'status': 400, 'params': ['name']}}</msg>
<status status="PASS" starttime="20230421 18:09:07.855" endtime="20230421 18:09:07.855"/>
</kw>
<kw name="Verify Subset Ignore" library="libraries.assertions.verification.Verification">
<arg>${response_create_error}</arg>
<arg>${error}</arg>
<doc>Asserts the expected is subset of actual ignoring params</doc>
<msg timestamp="20230421 18:09:07.855" level="INFO">*****Expected******</msg>
<msg timestamp="20230421 18:09:07.856" level="INFO">{'code': 'rest_missing_callback_param', 'message': 'Missing parameter(s): name', 'data': {'status': 400, 'params': ['name']}}</msg>
<msg timestamp="20230421 18:09:07.856" level="INFO">*****Actual******</msg>
<msg timestamp="20230421 18:09:07.856" level="INFO">{'code': 'rest_missing_callback_param', 'message': 'Missing parameter(s): name', 'data': {'status': 400, 'params': ['name']}}</msg>
<status status="PASS" starttime="20230421 18:09:07.855" endtime="20230421 18:09:07.856"/>
</kw>
<kw name="Set Global Variable" library="BuiltIn">
<arg>${response_create_error}</arg>
<doc>Makes a variable available globally in all tests and suites.</doc>
<msg timestamp="20230421 18:09:07.856" level="INFO">${response_create_error} = {'code': 'rest_missing_callback_param', 'message': 'Missing parameter(s): name', 'data': {'status': 400, 'params': ['name']}}</msg>
<status status="PASS" starttime="20230421 18:09:07.856" endtime="20230421 18:09:07.856"/>
</kw>
<status status="PASS" starttime="20230421 18:09:07.617" endtime="20230421 18:09:07.856"/>
</kw>
<kw name="Verify Error Message">
<kw name="Get Key Value" library="libraries.process_data.process_data.ProcessData">
<var>${message}</var>
<arg>${response_create_error}</arg>
<arg>message</arg>
<doc>Returns the value of the specified key</doc>
<msg timestamp="20230421 18:09:07.857" level="INFO">${message} = Missing parameter(s): name</msg>
<status status="PASS" starttime="20230421 18:09:07.856" endtime="20230421 18:09:07.857"/>
</kw>
<kw name="Verify Equal Ignore" library="libraries.assertions.verification.Verification">
<arg>Missing parameter(s): name</arg>
<arg>${message}</arg>
<doc>Asserts the actual is equal to expected ignoring params</doc>
<msg timestamp="20230421 18:09:07.858" level="INFO">*****Expected******</msg>
<msg timestamp="20230421 18:09:07.858" level="INFO">Missing parameter(s): name</msg>
<msg timestamp="20230421 18:09:07.858" level="INFO">*****Actual******</msg>
<msg timestamp="20230421 18:09:07.858" level="INFO">Missing parameter(s): name</msg>
<msg timestamp="20230421 18:09:07.858" level="INFO">[]</msg>
<msg timestamp="20230421 18:09:07.858" level="INFO">&lt;class 'list'&gt;</msg>
<msg timestamp="20230421 18:09:07.858" level="INFO">&lt;class 'str'&gt;</msg>
<msg timestamp="20230421 18:09:07.858" level="INFO">&lt;class 'str'&gt;</msg>
<status status="PASS" starttime="20230421 18:09:07.857" endtime="20230421 18:09:07.858"/>
</kw>
<status status="PASS" starttime="20230421 18:09:07.856" endtime="20230421 18:09:07.858"/>
</kw>
<status status="PASS" starttime="20230421 18:09:07.615" endtime="20230421 18:09:07.858"/>
</test>
<status status="PASS" starttime="20230421 18:09:07.610" endtime="20230421 18:09:07.859"/>
</suite>
<suite id="s1-s3" name="Tb78 Categories" source="D:\jalasoft\API_testing2\proyecto_robot\WordPress_ApiTesting\wp_api\tests\categories\tb78_categories.robot">
<test id="s1-s3-t1" name="Verify is not possble Create Two Categories With The Same Name Slug And Parent" line="14">
<kw name="Create New Session" library="categories_crud" type="SETUP">
<kw name="Create Session" library="libraries.authentication.custom_session.CustomSession">
<var>${session}</var>
<var>${params}</var>
<doc>Returns created session on demand</doc>
<msg timestamp="20230421 18:09:07.866" level="INFO">${session} = &lt;requests.sessions.Session object at 0x000001F01D765D30&gt;</msg>
<msg timestamp="20230421 18:09:07.866" level="INFO">${params} = {}</msg>
<status status="PASS" starttime="20230421 18:09:07.866" endtime="20230421 18:09:07.866"/>
</kw>
<kw name="Set Global Variable" library="BuiltIn">
<arg>${session}</arg>
<doc>Makes a variable available globally in all tests and suites.</doc>
<msg timestamp="20230421 18:09:07.867" level="INFO">${session} = &lt;requests.sessions.Session object at 0x000001F01D765D30&gt;</msg>
<status status="PASS" starttime="20230421 18:09:07.866" endtime="20230421 18:09:07.867"/>
</kw>
<kw name="Set Global Variable" library="BuiltIn">
<arg>${params}</arg>
<doc>Makes a variable available globally in all tests and suites.</doc>
<msg timestamp="20230421 18:09:07.867" level="INFO">${params} = {}</msg>
<status status="PASS" starttime="20230421 18:09:07.867" endtime="20230421 18:09:07.867"/>
</kw>
<status status="PASS" starttime="20230421 18:09:07.866" endtime="20230421 18:09:07.867"/>
</kw>
<kw name="Create Category" library="categories_crud">
<arg>${body}</arg>
<kw name="Get Url" library="libraries.process_data.url_assembler.UrlAssembler">
<var>${url}</var>
<arg>endpoint=${endpoint}</arg>
<doc>Returns the URL</doc>
<msg timestamp="20230421 18:09:07.868" level="INFO">${url} = http://localhost/wordpress/wp-json/wp/v2/categories</msg>
<status status="PASS" starttime="20230421 18:09:07.868" endtime="20230421 18:09:07.868"/>
</kw>
<kw name="Custom Post" library="libraries.requests.custom_request.CustomRequest">
<var>${response_create}</var>
<arg>${session}</arg>
<arg>${url}</arg>
<arg>${params}</arg>
<arg>${body}</arg>
<arg>201</arg>
<doc>Custom post request</doc>
<msg timestamp="20230421 18:09:08.154" level="INFO">${response_create} = {'id': 538, 'count': 0, 'description': 'this is a description 26481264830226630586194620963020057854851988446394TJJRNKDVFAOXMAQLLNTAKCYWICIFDMOIIVIFLCHVTJSCKXSWTF', 'link': 'http://localhost/wordpress...</msg>
<status status="PASS" starttime="20230421 18:09:07.868" endtime="20230421 18:09:08.154"/>
</kw>
<kw name="Verify Schema" library="libraries.assertions.verification.Verification">
<arg>${schemas_path}/create_category.json</arg>
<arg>${response_create}</arg>
<doc>Asserts the response corresponds to the schema</doc>
<msg timestamp="20230421 18:09:08.155" level="INFO">*****Expected******</msg>
<msg timestamp="20230421 18:09:08.155" level="INFO">{'definitions': {}, '$schema': 'http://json-schema.org/draft-07/schema#', '$id': 'https://example.com/object1682023622.json', 'title': 'Root', 'type': 'object', 'required': ['id', 'count', 'description', 'link', 'name', 'slug', 'taxonomy', 'parent', 'meta', '_links'], 'properties': {'id': {'$id': '#root/id', 'title': 'Id', 'type': 'integer', 'examples': [208], 'default': 0}, 'count': {'$id': '#root/count', 'title': 'Count', 'type': 'integer', 'examples': [0], 'default': 0}, 'description': {'$id': '#root/description', 'title': 'Description', 'type': 'string', 'default': '', 'examples': ['description'], 'pattern': '^.*$'}, 'link': {'$id': '#root/link', 'title': 'Link', 'type': 'string', 'default': '', 'examples': ['http://localhost/wordpress/category/category-091238-2/'], 'pattern': '^.*$'}, 'name': {'$id': '#root/name', 'title': 'Name', 'type': 'string', 'default': '', 'examples': ['Nueva CategorÃ\xada 1234567789'], 'pattern': '^.*$'}, 'slug': {'$id': '#root/slug', 'title': 'Slug', 'type': 'string', 'default': '', 'examples': ['category-091238-2'], 'pattern': '^.*$'}, 'taxonomy': {'$id': '#root/taxonomy', 'title': 'Taxonomy', 'type': 'string', 'default': '', 'examples': ['category'], 'pattern': '^.*$'}, 'parent': {'$id': '#root/parent', 'title': 'Parent', 'type': 'integer', 'examples': [0], 'default': 0}, 'meta': {'$id': '#root/meta', 'title': 'Meta', 'type': 'array', 'default': []}, '_links': {'$id': '#root/_links', 'title': '_links', 'type': 'object', 'required': ['self', 'collection', 'about', 'wp:post_type', 'curies'], 'properties': {'self': {'$id': '#root/_links/self', 'title': 'Self', 'type': 'array', 'default': [], 'items': {'$id': '#root/_links/self/items', 'title': 'Items', 'type': 'object', 'required': ['href'], 'properties': {'href': {'$id': '#root/_links/self/items/href', 'title': 'Href', 'type': 'string', 'default': '', 'examples': ['http://localhost/wordpress/wp-json/wp/v2/categories/208'], 'pattern': '^.*$'}}}}, 'collection': {'$id': '#root/_links/collection', 'title': 'Collection', 'type': 'array', 'default': [], 'items': {'$id': '#root/_links/collection/items', 'title': 'Items', 'type': 'object', 'required': ['href'], 'properties': {'href': {'$id': '#root/_links/collection/items/href', 'title': 'Href', 'type': 'string', 'default': '', 'examples': ['http://localhost/wordpress/wp-json/wp/v2/categories'], 'pattern': '^.*$'}}}}, 'about': {'$id': '#root/_links/about', 'title': 'About', 'type': 'array', 'default': [], 'items': {'$id': '#root/_links/about/items', 'title': 'Items', 'type': 'object', 'required': ['href'], 'properties': {'href': {'$id': '#root/_links/about/items/href', 'title': 'Href', 'type': 'string', 'default': '', 'examples': ['http://localhost/wordpress/wp-json/wp/v2/taxonomies/category'], 'pattern': '^.*$'}}}}, 'wp:post_type': {'$id': '#root/_links/wp:post_type', 'title': 'Wp:post_type', 'type': 'array', 'default': [], 'items': {'$id': '#root/_links/wp:post_type/items', 'title': 'Items', 'type': 'object', 'required': ['href'], 'properties': {'href': {'$id': '#root/_links/wp:post_type/items/href', 'title': 'Href', 'type': 'string', 'default': '', 'examples': ['http://localhost/wordpress/wp-json/wp/v2/posts?categories=208'], 'pattern': '^.*$'}}}}, 'curies': {'$id': '#root/_links/curies', 'title': 'Curies', 'type': 'array', 'default': [], 'items': {'$id': '#root/_links/curies/items', 'title': 'Items', 'type': 'object', 'required': ['name', 'href', 'templated'], 'properties': {'name': {'$id': '#root/_links/curies/items/name', 'title': 'Name', 'type': 'string', 'default': '', 'examples': ['wp'], 'pattern': '^.*$'}, 'href': {'$id': '#root/_links/curies/items/href', 'title': 'Href', 'type': 'string', 'default': '', 'examples': ['https://api.w.org/{rel}'], 'pattern': '^.*$'}, 'templated': {'$id': '#root/_links/curies/items/templated', 'title': 'Templated', 'type': 'boolean', 'examples': [True], 'default': True}}}}}}}}</msg>
<msg timestamp="20230421 18:09:08.155" level="INFO">*****Actual******</msg>
<msg timestamp="20230421 18:09:08.155" level="INFO">{'id': 538, 'count': 0, 'description': 'this is a description 26481264830226630586194620963020057854851988446394TJJRNKDVFAOXMAQLLNTAKCYWICIFDMOIIVIFLCHVTJSCKXSWTF', 'link': 'http://localhost/wordpress/category/category78598ybict/', 'name': 'category78598YBICT', 'slug': 'category78598ybict', 'taxonomy': 'category', 'parent': 0, 'meta': [], '_links': {'self': [{'href': 'http://localhost/wordpress/wp-json/wp/v2/categories/538'}], 'collection': [{'href': 'http://localhost/wordpress/wp-json/wp/v2/categories'}], 'about': [{'href': 'http://localhost/wordpress/wp-json/wp/v2/taxonomies/category'}], 'wp:post_type': [{'href': 'http://localhost/wordpress/wp-json/wp/v2/posts?categories=538'}], 'curies': [{'name': 'wp', 'href': 'https://api.w.org/{rel}', 'templated': True}]}}</msg>
<status status="PASS" starttime="20230421 18:09:08.154" endtime="20230421 18:09:08.158"/>
</kw>
<kw name="Log" library="BuiltIn">
<arg>Category Created: ${response_create}</arg>
<doc>Logs the given message with the given level.</doc>
<msg timestamp="20230421 18:09:08.158" level="INFO">Category Created: {'id': 538, 'count': 0, 'description': 'this is a description 26481264830226630586194620963020057854851988446394TJJRNKDVFAOXMAQLLNTAKCYWICIFDMOIIVIFLCHVTJSCKXSWTF', 'link': 'http://localhost/wordpress/category/category78598ybict/', 'name': 'category78598YBICT', 'slug': 'category78598ybict', 'taxonomy': 'category', 'parent': 0, 'meta': [], '_links': {'self': [{'href': 'http://localhost/wordpress/wp-json/wp/v2/categories/538'}], 'collection': [{'href': 'http://localhost/wordpress/wp-json/wp/v2/categories'}], 'about': [{'href': 'http://localhost/wordpress/wp-json/wp/v2/taxonomies/category'}], 'wp:post_type': [{'href': 'http://localhost/wordpress/wp-json/wp/v2/posts?categories=538'}], 'curies': [{'name': 'wp', 'href': 'https://api.w.org/{rel}', 'templated': True}]}}</msg>
<status status="PASS" starttime="20230421 18:09:08.158" endtime="20230421 18:09:08.158"/>
</kw>
<kw name="Get Key Value" library="libraries.process_data.process_data.ProcessData">
<var>${ID}</var>
<arg>${response_create}</arg>
<arg>id</arg>
<doc>Returns the value of the specified key</doc>
<msg timestamp="20230421 18:09:08.159" level="INFO">${ID} = 538</msg>
<status status="PASS" starttime="20230421 18:09:08.158" endtime="20230421 18:09:08.159"/>
</kw>
<kw name="Get Category" library="categories_crud">
<arg>${ID}</arg>
<arg>200</arg>
<kw name="Get Url" library="libraries.process_data.url_assembler.UrlAssembler">
<var>${url}</var>
<arg>endpoint=${endpoint}</arg>
<doc>Returns the URL</doc>
<msg timestamp="20230421 18:09:08.159" level="INFO">${url} = http://localhost/wordpress/wp-json/wp/v2/categories</msg>
<status status="PASS" starttime="20230421 18:09:08.159" endtime="20230421 18:09:08.159"/>
</kw>
<kw name="Custom Get" library="libraries.requests.custom_request.CustomRequest">
<var>${response_get}</var>
<arg>${session}</arg>
<arg>${url}/${id}</arg>
<arg>${params}</arg>
<arg>${status}</arg>
<doc>Custom get request</doc>
<msg timestamp="20230421 18:09:08.390" level="INFO">${response_get} = {'id': 538, 'count': 0, 'description': 'this is a description 26481264830226630586194620963020057854851988446394TJJRNKDVFAOXMAQLLNTAKCYWICIFDMOIIVIFLCHVTJSCKXSWTF', 'link': 'http://localhost/wordpress...</msg>
<status status="PASS" starttime="20230421 18:09:08.159" endtime="20230421 18:09:08.390"/>
</kw>
<kw name="Verify Schema" library="libraries.assertions.verification.Verification">
<arg>${schemas_path}/get_category.json</arg>
<arg>${response_get}</arg>
<doc>Asserts the response corresponds to the schema</doc>
<msg timestamp="20230421 18:09:08.390" level="INFO">*****Expected******</msg>
<msg timestamp="20230421 18:09:08.390" level="INFO">{'$schema': 'http://json-schema.org/draft-04/schema#', 'type': 'object', 'properties': {'id': {'type': 'integer'}, 'count': {'type': 'integer'}, 'description': {'type': 'string'}, 'link': {'type': 'string'}, 'name': {'type': 'string'}, 'slug': {'type': 'string'}, 'taxonomy': {'type': 'string'}, 'parent': {'type': 'integer'}, 'meta': {'type': 'array', 'items': {}}, '_links': {'type': 'object', 'properties': {'self': {'type': 'array', 'items': [{'type': 'object', 'properties': {'href': {'type': 'string'}}, 'required': ['href']}]}, 'collection': {'type': 'array', 'items': [{'type': 'object', 'properties': {'href': {'type': 'string'}}, 'required': ['href']}]}, 'about': {'type': 'array', 'items': [{'type': 'object', 'properties': {'href': {'type': 'string'}}, 'required': ['href']}]}, 'wp:post_type': {'type': 'array', 'items': [{'type': 'object', 'properties': {'href': {'type': 'string'}}, 'required': ['href']}]}, 'curies': {'type': 'array', 'items': [{'type': 'object', 'properties': {'name': {'type': 'string'}, 'href': {'type': 'string'}, 'templated': {'type': 'boolean'}}, 'required': ['name', 'href', 'templated']}]}}, 'required': ['self', 'collection', 'about', 'wp:post_type', 'curies']}}, 'required': ['id', 'count', 'description', 'link', 'name', 'slug', 'taxonomy', 'parent', 'meta', '_links']}</msg>
<msg timestamp="20230421 18:09:08.390" level="INFO">*****Actual******</msg>
<msg timestamp="20230421 18:09:08.390" level="INFO">{'id': 538, 'count': 0, 'description': 'this is a description 26481264830226630586194620963020057854851988446394TJJRNKDVFAOXMAQLLNTAKCYWICIFDMOIIVIFLCHVTJSCKXSWTF', 'link': 'http://localhost/wordpress/category/category78598ybict/', 'name': 'category78598YBICT', 'slug': 'category78598ybict', 'taxonomy': 'category', 'parent': 0, 'meta': [], '_links': {'self': [{'href': 'http://localhost/wordpress/wp-json/wp/v2/categories/538'}], 'collection': [{'href': 'http://localhost/wordpress/wp-json/wp/v2/categories'}], 'about': [{'href': 'http://localhost/wordpress/wp-json/wp/v2/taxonomies/category'}], 'wp:post_type': [{'href': 'http://localhost/wordpress/wp-json/wp/v2/posts?categories=538'}], 'curies': [{'name': 'wp', 'href': 'https://api.w.org/{rel}', 'templated': True}]}}</msg>
<status status="PASS" starttime="20230421 18:09:08.390" endtime="20230421 18:09:08.393"/>
</kw>
<kw name="Set Global Variable" library="BuiltIn">
<arg>${response_get}</arg>
<doc>Makes a variable available globally in all tests and suites.</doc>
<msg timestamp="20230421 18:09:08.393" level="INFO">${response_get} = {'id': 538, 'count': 0, 'description': 'this is a description 26481264830226630586194620963020057854851988446394TJJRNKDVFAOXMAQLLNTAKCYWICIFDMOIIVIFLCHVTJSCKXSWTF', 'link': 'http://localhost/wordpress...</msg>
<status status="PASS" starttime="20230421 18:09:08.393" endtime="20230421 18:09:08.393"/>
</kw>
<status status="PASS" starttime="20230421 18:09:08.159" endtime="20230421 18:09:08.393"/>
</kw>
<kw name="Verify Subset Ignore" library="libraries.assertions.verification.Verification">
<arg>${response_get}</arg>
<arg>${body}</arg>
<doc>Asserts the expected is subset of actual ignoring params</doc>
<msg timestamp="20230421 18:09:08.393" level="INFO">*****Expected******</msg>
<msg timestamp="20230421 18:09:08.393" level="INFO">{'name': 'category78598YBICT', 'description': 'this is a description 26481264830226630586194620963020057854851988446394TJJRNKDVFAOXMAQLLNTAKCYWICIFDMOIIVIFLCHVTJSCKXSWTF', 'slug': 'category78598ybict', 'meta': []}</msg>
<msg timestamp="20230421 18:09:08.393" level="INFO">*****Actual******</msg>
<msg timestamp="20230421 18:09:08.393" level="INFO">{'id': 538, 'count': 0, 'description': 'this is a description 26481264830226630586194620963020057854851988446394TJJRNKDVFAOXMAQLLNTAKCYWICIFDMOIIVIFLCHVTJSCKXSWTF', 'link': 'http://localhost/wordpress/category/category78598ybict/', 'name': 'category78598YBICT', 'slug': 'category78598ybict', 'taxonomy': 'category', 'parent': 0, 'meta': [], '_links': {'self': [{'href': 'http://localhost/wordpress/wp-json/wp/v2/categories/538'}], 'collection': [{'href': 'http://localhost/wordpress/wp-json/wp/v2/categories'}], 'about': [{'href': 'http://localhost/wordpress/wp-json/wp/v2/taxonomies/category'}], 'wp:post_type': [{'href': 'http://localhost/wordpress/wp-json/wp/v2/posts?categories=538'}], 'curies': [{'name': 'wp', 'href': 'https://api.w.org/{rel}', 'templated': True}]}}</msg>
<status status="PASS" starttime="20230421 18:09:08.393" endtime="20230421 18:09:08.393"/>
</kw>
<kw name="Set Global Variable" library="BuiltIn">
<arg>${ID}</arg>
<doc>Makes a variable available globally in all tests and suites.</doc>
<msg timestamp="20230421 18:09:08.394" level="INFO">${ID} = 538</msg>
<status status="PASS" starttime="20230421 18:09:08.394" endtime="20230421 18:09:08.394"/>
</kw>
<kw name="Set Global Variable" library="BuiltIn">
<arg>${response_create}</arg>
<doc>Makes a variable available globally in all tests and suites.</doc>
<msg timestamp="20230421 18:09:08.395" level="INFO">${response_create} = {'id': 538, 'count': 0, 'description': 'this is a description 26481264830226630586194620963020057854851988446394TJJRNKDVFAOXMAQLLNTAKCYWICIFDMOIIVIFLCHVTJSCKXSWTF', 'link': 'http://localhost/wordpress...</msg>
<status status="PASS" starttime="20230421 18:09:08.395" endtime="20230421 18:09:08.395"/>
</kw>
<status status="PASS" starttime="20230421 18:09:07.867" endtime="20230421 18:09:08.395"/>
</kw>
<kw name="Create Category With Error" library="categories_crud_with_errors">
<arg>${body}</arg>
<arg>${error}</arg>
<kw name="Get Url" library="libraries.process_data.url_assembler.UrlAssembler">
<var>${url}</var>
<arg>endpoint=${endpoint}</arg>
<doc>Returns the URL</doc>
<msg timestamp="20230421 18:09:08.396" level="INFO">${url} = http://localhost/wordpress/wp-json/wp/v2/categories</msg>
<status status="PASS" starttime="20230421 18:09:08.396" endtime="20230421 18:09:08.396"/>
</kw>
<kw name="Custom Post" library="libraries.requests.custom_request.CustomRequest">
<var>${response_create_error}</var>
<arg>${session}</arg>
<arg>${url}</arg>
<arg>${params}</arg>
<arg>${body}</arg>
<arg>400</arg>
<doc>Custom post request</doc>
<msg timestamp="20230421 18:09:08.629" level="INFO">${response_create_error} = {'code': 'term_exists', 'message': 'A term with the name provided already exists with this parent.', 'data': {'status': 400, 'term_id': 538}, 'additional_data': [538, 538]}</msg>
<status status="PASS" starttime="20230421 18:09:08.396" endtime="20230421 18:09:08.629"/>
</kw>
<kw name="Log" library="BuiltIn">
<arg>Category Created: ${response_create_error}</arg>
<doc>Logs the given message with the given level.</doc>
<msg timestamp="20230421 18:09:08.629" level="INFO">Category Created: {'code': 'term_exists', 'message': 'A term with the name provided already exists with this parent.', 'data': {'status': 400, 'term_id': 538}, 'additional_data': [538, 538]}</msg>
<status status="PASS" starttime="20230421 18:09:08.629" endtime="20230421 18:09:08.629"/>
</kw>
<kw name="Verify Subset Ignore" library="libraries.assertions.verification.Verification">
<arg>${response_create_error}</arg>
<arg>${error}</arg>
<doc>Asserts the expected is subset of actual ignoring params</doc>
<msg timestamp="20230421 18:09:08.630" level="INFO">*****Expected******</msg>
<msg timestamp="20230421 18:09:08.630" level="INFO">{'code': 'term_exists', 'message': 'A term with the name provided already exists with this parent.'}</msg>
<msg timestamp="20230421 18:09:08.630" level="INFO">*****Actual******</msg>
<msg timestamp="20230421 18:09:08.630" level="INFO">{'code': 'term_exists', 'message': 'A term with the name provided already exists with this parent.', 'data': {'status': 400, 'term_id': 538}, 'additional_data': [538, 538]}</msg>
<status status="PASS" starttime="20230421 18:09:08.629" endtime="20230421 18:09:08.630"/>
</kw>
<kw name="Set Global Variable" library="BuiltIn">
<arg>${response_create_error}</arg>
<doc>Makes a variable available globally in all tests and suites.</doc>
<msg timestamp="20230421 18:09:08.630" level="INFO">${response_create_error} = {'code': 'term_exists', 'message': 'A term with the name provided already exists with this parent.', 'data': {'status': 400, 'term_id': 538}, 'additional_data': [538, 538]}</msg>
<status status="PASS" starttime="20230421 18:09:08.630" endtime="20230421 18:09:08.630"/>
</kw>
<status status="PASS" starttime="20230421 18:09:08.396" endtime="20230421 18:09:08.630"/>
</kw>
<kw name="Delete Category" library="categories_crud" type="TEARDOWN">
<arg>${ID}</arg>
<kw name="Get Url" library="libraries.process_data.url_assembler.UrlAssembler">
<var>${url}</var>
<arg>endpoint=${endpoint}</arg>
<doc>Returns the URL</doc>
<msg timestamp="20230421 18:09:08.631" level="INFO">${url} = http://localhost/wordpress/wp-json/wp/v2/categories</msg>
<status status="PASS" starttime="20230421 18:09:08.631" endtime="20230421 18:09:08.631"/>
</kw>
<kw name="Create Dictionary" library="BuiltIn">
<var>${params}</var>
<arg>force=true</arg>
<doc>Creates and returns a dictionary based on the given ``items``.</doc>
<msg timestamp="20230421 18:09:08.631" level="INFO">${params} = {'force': 'true'}</msg>
<status status="PASS" starttime="20230421 18:09:08.631" endtime="20230421 18:09:08.631"/>
</kw>
<kw name="Custom Delete" library="libraries.requests.custom_request.CustomRequest">
<var>${response_delete}</var>
<arg>${session}</arg>
<arg>${url}/${id}</arg>
<arg>${params}</arg>
<doc>Custom delete request</doc>
<msg timestamp="20230421 18:09:08.904" level="INFO">${response_delete} = {'deleted': True, 'previous': {'id': 538, 'count': 0, 'description': 'this is a description 26481264830226630586194620963020057854851988446394TJJRNKDVFAOXMAQLLNTAKCYWICIFDMOIIVIFLCHVTJSCKXSWTF', 'link...</msg>
<status status="PASS" starttime="20230421 18:09:08.631" endtime="20230421 18:09:08.904"/>
</kw>
<kw name="Verify Schema" library="libraries.assertions.verification.Verification">
<arg>${schemas_path}/delete_category.json</arg>
<arg>${response_delete}</arg>
<doc>Asserts the response corresponds to the schema</doc>
<msg timestamp="20230421 18:09:08.905" level="INFO">*****Expected******</msg>
<msg timestamp="20230421 18:09:08.905" level="INFO">{'definitions': {}, '$schema': 'http://json-schema.org/draft-07/schema#', '$id': 'https://example.com/object1682034119.json', 'title': 'Root', 'type': 'object', 'required': ['deleted', 'previous'], 'properties': {'deleted': {'$id': '#root/deleted', 'title': 'Deleted', 'type': 'boolean', 'examples': [True], 'default': True}, 'previous': {'$id': '#root/previous', 'title': 'Previous', 'type': 'object', 'required': ['id', 'count', 'description', 'link', 'name', 'slug', 'taxonomy', 'parent', 'meta'], 'properties': {'id': {'$id': '#root/previous/id', 'title': 'Id', 'type': 'integer', 'examples': [208], 'default': 0}, 'count': {'$id': '#root/previous/count', 'title': 'Count', 'type': 'integer', 'examples': [0], 'default': 0}, 'description': {'$id': '#root/previous/description', 'title': 'Description', 'type': 'string', 'default': '', 'examples': ['description'], 'pattern': '^.*$'}, 'link': {'$id': '#root/previous/link', 'title': 'Link', 'type': 'string', 'default': '', 'examples': ['http://localhost/wordpress/category/category-091238-2/'], 'pattern': '^.*$'}, 'name': {'$id': '#root/previous/name', 'title': 'Name', 'type': 'string', 'default': '', 'examples': ['Nueva CategorÃ\xada 1234567789'], 'pattern': '^.*$'}, 'slug': {'$id': '#root/previous/slug', 'title': 'Slug', 'type': 'string', 'default': '', 'examples': ['category-091238-2'], 'pattern': '^.*$'}, 'taxonomy': {'$id': '#root/previous/taxonomy', 'title': 'Taxonomy', 'type': 'string', 'default': '', 'examples': ['category'], 'pattern': '^.*$'}, 'parent': {'$id': '#root/previous/parent', 'title': 'Parent', 'type': 'integer', 'examples': [0], 'default': 0}, 'meta': {'$id': '#root/previous/meta', 'title': 'Meta', 'type': 'array', 'default': []}}}}}</msg>
<msg timestamp="20230421 18:09:08.905" level="INFO">*****Actual******</msg>
<msg timestamp="20230421 18:09:08.905" level="INFO">{'deleted': True, 'previous': {'id': 538, 'count': 0, 'description': 'this is a description 26481264830226630586194620963020057854851988446394TJJRNKDVFAOXMAQLLNTAKCYWICIFDMOIIVIFLCHVTJSCKXSWTF', 'link': 'http://localhost/wordpress/category/category78598ybict/', 'name': 'category78598YBICT', 'slug': 'category78598ybict', 'taxonomy': 'category', 'parent': 0, 'meta': []}}</msg>
<status status="PASS" starttime="20230421 18:09:08.904" endtime="20230421 18:09:08.906"/>
</kw>
<status status="PASS" starttime="20230421 18:09:08.631" endtime="20230421 18:09:08.906"/>
</kw>
<status status="PASS" starttime="20230421 18:09:07.865" endtime="20230421 18:09:08.907"/>
</test>
<status status="PASS" starttime="20230421 18:09:07.860" endtime="20230421 18:09:08.908"/>
</suite>
<suite id="s1-s4" name="Tb79 Categories" source="D:\jalasoft\API_testing2\proyecto_robot\WordPress_ApiTesting\wp_api\tests\categories\tb79_categories.robot">
<test id="s1-s4-t1" name="Delete inexistent category" line="11">
<kw name="Create New Session" library="categories_crud" type="SETUP">
<kw name="Create Session" library="libraries.authentication.custom_session.CustomSession">
<var>${session}</var>
<var>${params}</var>
<doc>Returns created session on demand</doc>
<msg timestamp="20230421 18:09:08.915" level="INFO">${session} = &lt;requests.sessions.Session object at 0x000001F01D821580&gt;</msg>
<msg timestamp="20230421 18:09:08.915" level="INFO">${params} = {}</msg>
<status status="PASS" starttime="20230421 18:09:08.915" endtime="20230421 18:09:08.915"/>
</kw>
<kw name="Set Global Variable" library="BuiltIn">
<arg>${session}</arg>
<doc>Makes a variable available globally in all tests and suites.</doc>
<msg timestamp="20230421 18:09:08.915" level="INFO">${session} = &lt;requests.sessions.Session object at 0x000001F01D821580&gt;</msg>
<status status="PASS" starttime="20230421 18:09:08.915" endtime="20230421 18:09:08.915"/>
</kw>
<kw name="Set Global Variable" library="BuiltIn">
<arg>${params}</arg>
<doc>Makes a variable available globally in all tests and suites.</doc>
<msg timestamp="20230421 18:09:08.916" level="INFO">${params} = {}</msg>
<status status="PASS" starttime="20230421 18:09:08.915" endtime="20230421 18:09:08.916"/>
</kw>
<status status="PASS" starttime="20230421 18:09:08.914" endtime="20230421 18:09:08.916"/>
</kw>
<kw name="Create Category" library="categories_crud">
<arg>${body}</arg>
<kw name="Get Url" library="libraries.process_data.url_assembler.UrlAssembler">
<var>${url}</var>
<arg>endpoint=${endpoint}</arg>
<doc>Returns the URL</doc>
<msg timestamp="20230421 18:09:08.916" level="INFO">${url} = http://localhost/wordpress/wp-json/wp/v2/categories</msg>
<status status="PASS" starttime="20230421 18:09:08.916" endtime="20230421 18:09:08.916"/>
</kw>
<kw name="Custom Post" library="libraries.requests.custom_request.CustomRequest">
<var>${response_create}</var>
<arg>${session}</arg>
<arg>${url}</arg>
<arg>${params}</arg>
<arg>${body}</arg>
<arg>201</arg>
<doc>Custom post request</doc>
<msg timestamp="20230421 18:09:09.181" level="INFO">${response_create} = {'id': 539, 'count': 0, 'description': 'this is a description 26481264830226630586194620963020057854851988446394TJJRNKDVFAOXMAQLLNTAKCYWICIFDMOIIVIFLCHVTJSCKXSWTF', 'link': 'http://localhost/wordpress...</msg>
<status status="PASS" starttime="20230421 18:09:08.917" endtime="20230421 18:09:09.182"/>
</kw>
<kw name="Verify Schema" library="libraries.assertions.verification.Verification">
<arg>${schemas_path}/create_category.json</arg>
<arg>${response_create}</arg>
<doc>Asserts the response corresponds to the schema</doc>
<msg timestamp="20230421 18:09:09.182" level="INFO">*****Expected******</msg>
<msg timestamp="20230421 18:09:09.182" level="INFO">{'definitions': {}, '$schema': 'http://json-schema.org/draft-07/schema#', '$id': 'https://example.com/object1682023622.json', 'title': 'Root', 'type': 'object', 'required': ['id', 'count', 'description', 'link', 'name', 'slug', 'taxonomy', 'parent', 'meta', '_links'], 'properties': {'id': {'$id': '#root/id', 'title': 'Id', 'type': 'integer', 'examples': [208], 'default': 0}, 'count': {'$id': '#root/count', 'title': 'Count', 'type': 'integer', 'examples': [0], 'default': 0}, 'description': {'$id': '#root/description', 'title': 'Description', 'type': 'string', 'default': '', 'examples': ['description'], 'pattern': '^.*$'}, 'link': {'$id': '#root/link', 'title': 'Link', 'type': 'string', 'default': '', 'examples': ['http://localhost/wordpress/category/category-091238-2/'], 'pattern': '^.*$'}, 'name': {'$id': '#root/name', 'title': 'Name', 'type': 'string', 'default': '', 'examples': ['Nueva CategorÃ\xada 1234567789'], 'pattern': '^.*$'}, 'slug': {'$id': '#root/slug', 'title': 'Slug', 'type': 'string', 'default': '', 'examples': ['category-091238-2'], 'pattern': '^.*$'}, 'taxonomy': {'$id': '#root/taxonomy', 'title': 'Taxonomy', 'type': 'string', 'default': '', 'examples': ['category'], 'pattern': '^.*$'}, 'parent': {'$id': '#root/parent', 'title': 'Parent', 'type': 'integer', 'examples': [0], 'default': 0}, 'meta': {'$id': '#root/meta', 'title': 'Meta', 'type': 'array', 'default': []}, '_links': {'$id': '#root/_links', 'title': '_links', 'type': 'object', 'required': ['self', 'collection', 'about', 'wp:post_type', 'curies'], 'properties': {'self': {'$id': '#root/_links/self', 'title': 'Self', 'type': 'array', 'default': [], 'items': {'$id': '#root/_links/self/items', 'title': 'Items', 'type': 'object', 'required': ['href'], 'properties': {'href': {'$id': '#root/_links/self/items/href', 'title': 'Href', 'type': 'string', 'default': '', 'examples': ['http://localhost/wordpress/wp-json/wp/v2/categories/208'], 'pattern': '^.*$'}}}}, 'collection': {'$id': '#root/_links/collection', 'title': 'Collection', 'type': 'array', 'default': [], 'items': {'$id': '#root/_links/collection/items', 'title': 'Items', 'type': 'object', 'required': ['href'], 'properties': {'href': {'$id': '#root/_links/collection/items/href', 'title': 'Href', 'type': 'string', 'default': '', 'examples': ['http://localhost/wordpress/wp-json/wp/v2/categories'], 'pattern': '^.*$'}}}}, 'about': {'$id': '#root/_links/about', 'title': 'About', 'type': 'array', 'default': [], 'items': {'$id': '#root/_links/about/items', 'title': 'Items', 'type': 'object', 'required': ['href'], 'properties': {'href': {'$id': '#root/_links/about/items/href', 'title': 'Href', 'type': 'string', 'default': '', 'examples': ['http://localhost/wordpress/wp-json/wp/v2/taxonomies/category'], 'pattern': '^.*$'}}}}, 'wp:post_type': {'$id': '#root/_links/wp:post_type', 'title': 'Wp:post_type', 'type': 'array', 'default': [], 'items': {'$id': '#root/_links/wp:post_type/items', 'title': 'Items', 'type': 'object', 'required': ['href'], 'properties': {'href': {'$id': '#root/_links/wp:post_type/items/href', 'title': 'Href', 'type': 'string', 'default': '', 'examples': ['http://localhost/wordpress/wp-json/wp/v2/posts?categories=208'], 'pattern': '^.*$'}}}}, 'curies': {'$id': '#root/_links/curies', 'title': 'Curies', 'type': 'array', 'default': [], 'items': {'$id': '#root/_links/curies/items', 'title': 'Items', 'type': 'object', 'required': ['name', 'href', 'templated'], 'properties': {'name': {'$id': '#root/_links/curies/items/name', 'title': 'Name', 'type': 'string', 'default': '', 'examples': ['wp'], 'pattern': '^.*$'}, 'href': {'$id': '#root/_links/curies/items/href', 'title': 'Href', 'type': 'string', 'default': '', 'examples': ['https://api.w.org/{rel}'], 'pattern': '^.*$'}, 'templated': {'$id': '#root/_links/curies/items/templated', 'title': 'Templated', 'type': 'boolean', 'examples': [True], 'default': True}}}}}}}}</msg>
<msg timestamp="20230421 18:09:09.182" level="INFO">*****Actual******</msg>
<msg timestamp="20230421 18:09:09.182" level="INFO">{'id': 539, 'count': 0, 'description': 'this is a description 26481264830226630586194620963020057854851988446394TJJRNKDVFAOXMAQLLNTAKCYWICIFDMOIIVIFLCHVTJSCKXSWTF', 'link': 'http://localhost/wordpress/category/category78598ybict/', 'name': 'category78598YBICT', 'slug': 'category78598ybict', 'taxonomy': 'category', 'parent': 0, 'meta': [], '_links': {'self': [{'href': 'http://localhost/wordpress/wp-json/wp/v2/categories/539'}], 'collection': [{'href': 'http://localhost/wordpress/wp-json/wp/v2/categories'}], 'about': [{'href': 'http://localhost/wordpress/wp-json/wp/v2/taxonomies/category'}], 'wp:post_type': [{'href': 'http://localhost/wordpress/wp-json/wp/v2/posts?categories=539'}], 'curies': [{'name': 'wp', 'href': 'https://api.w.org/{rel}', 'templated': True}]}}</msg>
<status status="PASS" starttime="20230421 18:09:09.182" endtime="20230421 18:09:09.185"/>
</kw>
<kw name="Log" library="BuiltIn">
<arg>Category Created: ${response_create}</arg>
<doc>Logs the given message with the given level.</doc>
<msg timestamp="20230421 18:09:09.186" level="INFO">Category Created: {'id': 539, 'count': 0, 'description': 'this is a description 26481264830226630586194620963020057854851988446394TJJRNKDVFAOXMAQLLNTAKCYWICIFDMOIIVIFLCHVTJSCKXSWTF', 'link': 'http://localhost/wordpress/category/category78598ybict/', 'name': 'category78598YBICT', 'slug': 'category78598ybict', 'taxonomy': 'category', 'parent': 0, 'meta': [], '_links': {'self': [{'href': 'http://localhost/wordpress/wp-json/wp/v2/categories/539'}], 'collection': [{'href': 'http://localhost/wordpress/wp-json/wp/v2/categories'}], 'about': [{'href': 'http://localhost/wordpress/wp-json/wp/v2/taxonomies/category'}], 'wp:post_type': [{'href': 'http://localhost/wordpress/wp-json/wp/v2/posts?categories=539'}], 'curies': [{'name': 'wp', 'href': 'https://api.w.org/{rel}', 'templated': True}]}}</msg>
<status status="PASS" starttime="20230421 18:09:09.185" endtime="20230421 18:09:09.186"/>
</kw>
<kw name="Get Key Value" library="libraries.process_data.process_data.ProcessData">
<var>${ID}</var>
<arg>${response_create}</arg>
<arg>id</arg>
<doc>Returns the value of the specified key</doc>
<msg timestamp="20230421 18:09:09.186" level="INFO">${ID} = 539</msg>
<status status="PASS" starttime="20230421 18:09:09.186" endtime="20230421 18:09:09.186"/>
</kw>
<kw name="Get Category" library="categories_crud">
<arg>${ID}</arg>
<arg>200</arg>
<kw name="Get Url" library="libraries.process_data.url_assembler.UrlAssembler">
<var>${url}</var>
<arg>endpoint=${endpoint}</arg>
<doc>Returns the URL</doc>
<msg timestamp="20230421 18:09:09.186" level="INFO">${url} = http://localhost/wordpress/wp-json/wp/v2/categories</msg>
<status status="PASS" starttime="20230421 18:09:09.186" endtime="20230421 18:09:09.186"/>
</kw>
<kw name="Custom Get" library="libraries.requests.custom_request.CustomRequest">
<var>${response_get}</var>
<arg>${session}</arg>
<arg>${url}/${id}</arg>
<arg>${params}</arg>
<arg>${status}</arg>
<doc>Custom get request</doc>
<msg timestamp="20230421 18:09:09.419" level="INFO">${response_get} = {'id': 539, 'count': 0, 'description': 'this is a description 26481264830226630586194620963020057854851988446394TJJRNKDVFAOXMAQLLNTAKCYWICIFDMOIIVIFLCHVTJSCKXSWTF', 'link': 'http://localhost/wordpress...</msg>
<status status="PASS" starttime="20230421 18:09:09.186" endtime="20230421 18:09:09.419"/>
</kw>
<kw name="Verify Schema" library="libraries.assertions.verification.Verification">
<arg>${schemas_path}/get_category.json</arg>
<arg>${response_get}</arg>
<doc>Asserts the response corresponds to the schema</doc>
<msg timestamp="20230421 18:09:09.420" level="INFO">*****Expected******</msg>
<msg timestamp="20230421 18:09:09.420" level="INFO">{'$schema': 'http://json-schema.org/draft-04/schema#', 'type': 'object', 'properties': {'id': {'type': 'integer'}, 'count': {'type': 'integer'}, 'description': {'type': 'string'}, 'link': {'type': 'string'}, 'name': {'type': 'string'}, 'slug': {'type': 'string'}, 'taxonomy': {'type': 'string'}, 'parent': {'type': 'integer'}, 'meta': {'type': 'array', 'items': {}}, '_links': {'type': 'object', 'properties': {'self': {'type': 'array', 'items': [{'type': 'object', 'properties': {'href': {'type': 'string'}}, 'required': ['href']}]}, 'collection': {'type': 'array', 'items': [{'type': 'object', 'properties': {'href': {'type': 'string'}}, 'required': ['href']}]}, 'about': {'type': 'array', 'items': [{'type': 'object', 'properties': {'href': {'type': 'string'}}, 'required': ['href']}]}, 'wp:post_type': {'type': 'array', 'items': [{'type': 'object', 'properties': {'href': {'type': 'string'}}, 'required': ['href']}]}, 'curies': {'type': 'array', 'items': [{'type': 'object', 'properties': {'name': {'type': 'string'}, 'href': {'type': 'string'}, 'templated': {'type': 'boolean'}}, 'required': ['name', 'href', 'templated']}]}}, 'required': ['self', 'collection', 'about', 'wp:post_type', 'curies']}}, 'required': ['id', 'count', 'description', 'link', 'name', 'slug', 'taxonomy', 'parent', 'meta', '_links']}</msg>
[...]
<status status="PASS" starttime="20230421 18:09:24.700" endtime="20230421 18:09:24.959"/>
</kw>
<kw name="Verify Schema" library="libraries.assertions.verification.Verification">
<arg>${schemas_path}/create_category.json</arg>
<arg>${response_create}</arg>
<doc>Asserts the response corresponds to the schema</doc>
<msg timestamp="20230421 18:09:24.960" level="INFO">*****Expected******</msg>
<msg timestamp="20230421 18:09:24.960" level="INFO">{'definitions': {}, '$schema': 'http://json-schema.org/draft-07/schema#', '$id': 'https://example.com/object1682023622.json', 'title': 'Root', 'type': 'object', 'required': ['id', 'count', 'description', 'link', 'name', 'slug', 'taxonomy', 'parent', 'meta', '_links'], 'properties': {'id': {'$id': '#root/id', 'title': 'Id', 'type': 'integer', 'examples': [208], 'default': 0}, 'count': {'$id': '#root/count', 'title': 'Count', 'type': 'integer', 'examples': [0], 'default': 0}, 'description': {'$id': '#root/description', 'title': 'Description', 'type': 'string', 'default': '', 'examples': ['description'], 'pattern': '^.*$'}, 'link': {'$id': '#root/link', 'title': 'Link', 'type': 'string', 'default': '', 'examples': ['http://localhost/wordpress/category/category-091238-2/'], 'pattern': '^.*$'}, 'name': {'$id': '#root/name', 'title': 'Name', 'type': 'string', 'default': '', 'examples': ['Nueva CategorÃ\xada 1234567789'], 'pattern': '^.*$'}, 'slug': {'$id': '#root/slug', 'title': 'Slug', 'type': 'string', 'default': '', 'examples': ['category-091238-2'], 'pattern': '^.*$'}, 'taxonomy': {'$id': '#root/taxonomy', 'title': 'Taxonomy', 'type': 'string', 'default': '', 'examples': ['category'], 'pattern': '^.*$'}, 'parent': {'$id': '#root/parent', 'title': 'Parent', 'type': 'integer', 'examples': [0], 'default': 0}, 'meta': {'$id': '#root/meta', 'title': 'Meta', 'type': 'array', 'default': []}, '_links': {'$id': '#root/_links', 'title': '_links', 'type': 'object', 'required': ['self', 'collection', 'about', 'wp:post_type', 'curies'], 'properties': {'self': {'$id': '#root/_links/self', 'title': 'Self', 'type': 'array', 'default': [], 'items': {'$id': '#root/_links/self/items', 'title': 'Items', 'type': 'object', 'required': ['href'], 'properties': {'href': {'$id': '#root/_links/self/items/href', 'title': 'Href', 'type': 'string', 'default': '', 'examples': ['http://localhost/wordpress/wp-json/wp/v2/categories/208'], 'pattern': '^.*$'}}}}, 'collection': {'$id': '#root/_links/collection', 'title': 'Collection', 'type': 'array', 'default': [], 'items': {'$id': '#root/_links/collection/items', 'title': 'Items', 'type': 'object', 'required': ['href'], 'properties': {'href': {'$id': '#root/_links/collection/items/href', 'title': 'Href', 'type': 'string', 'default': '', 'examples': ['http://localhost/wordpress/wp-json/wp/v2/categories'], 'pattern': '^.*$'}}}}, 'about': {'$id': '#root/_links/about', 'title': 'About', 'type': 'array', 'default': [], 'items': {'$id': '#root/_links/about/items', 'title': 'Items', 'type': 'object', 'required': ['href'], 'properties': {'href': {'$id': '#root/_links/about/items/href', 'title': 'Href', 'type': 'string', 'default': '', 'examples': ['http://localhost/wordpress/wp-json/wp/v2/taxonomies/category'], 'pattern': '^.*$'}}}}, 'wp:post_type': {'$id': '#root/_links/wp:post_type', 'title': 'Wp:post_type', 'type': 'array', 'default': [], 'items': {'$id': '#root/_links/wp:post_type/items', 'title': 'Items', 'type': 'object', 'required': ['href'], 'properties': {'href': {'$id': '#root/_links/wp:post_type/items/href', 'title': 'Href', 'type': 'string', 'default': '', 'examples': ['http://localhost/wordpress/wp-json/wp/v2/posts?categories=208'], 'pattern': '^.*$'}}}}, 'curies': {'$id': '#root/_links/curies', 'title': 'Curies', 'type': 'array', 'default': [], 'items': {'$id': '#root/_links/curies/items', 'title': 'Items', 'type': 'object', 'required': ['name', 'href', 'templated'], 'properties': {'name': {'$id': '#root/_links/curies/items/name', 'title': 'Name', 'type': 'string', 'default': '', 'examples': ['wp'], 'pattern': '^.*$'}, 'href': {'$id': '#root/_links/curies/items/href', 'title': 'Href', 'type': 'string', 'default': '', 'examples': ['https://api.w.org/{rel}'], 'pattern': '^.*$'}, 'templated': {'$id': '#root/_links/curies/items/templated', 'title': 'Templated', 'type': 'boolean', 'examples': [True], 'default': True}}}}}}}}</msg>
<msg timestamp="20230421 18:09:24.960" level="INFO">*****Actual******</msg>
<msg timestamp="20230421 18:09:24.960" level="INFO">{'id': 552, 'count': 0, 'description': 'this is a description 37713374127692880437940237771128450981652084922327HQWNXKSIDVVYVXUEUKBLVPGTKRLVRYYUDEIDTXSBFXOERGAOPG', 'link': 'http://localhost/wordpress/category/category91371lubym/', 'name': 'category91371LUBYM', 'slug': 'category91371lubym', 'taxonomy': 'category', 'parent': 0, 'meta': [], '_links': {'self': [{'href': 'http://localhost/wordpress/wp-json/wp/v2/categories/552'}], 'collection': [{'href': 'http://localhost/wordpress/wp-json/wp/v2/categories'}], 'about': [{'href': 'http://localhost/wordpress/wp-json/wp/v2/taxonomies/category'}], 'wp:post_type': [{'href': 'http://localhost/wordpress/wp-json/wp/v2/posts?categories=552'}], 'curies': [{'name': 'wp', 'href': 'https://api.w.org/{rel}', 'templated': True}]}}</msg>
<status status="PASS" starttime="20230421 18:09:24.959" endtime="20230421 18:09:24.963"/>
</kw>
<kw name="Log" library="BuiltIn">
<arg>Category Created: ${response_create}</arg>
<doc>Logs the given message with the given level.</doc>
<msg timestamp="20230421 18:09:24.963" level="INFO">Category Created: {'id': 552, 'count': 0, 'description': 'this is a description 37713374127692880437940237771128450981652084922327HQWNXKSIDVVYVXUEUKBLVPGTKRLVRYYUDEIDTXSBFXOERGAOPG', 'link': 'http://localhost/wordpress/category/category91371lubym/', 'name': 'category91371LUBYM', 'slug': 'category91371lubym', 'taxonomy': 'category', 'parent': 0, 'meta': [], '_links': {'self': [{'href': 'http://localhost/wordpress/wp-json/wp/v2/categories/552'}], 'collection': [{'href': 'http://localhost/wordpress/wp-json/wp/v2/categories'}], 'about': [{'href': 'http://localhost/wordpress/wp-json/wp/v2/taxonomies/category'}], 'wp:post_type': [{'href': 'http://localhost/wordpress/wp-json/wp/v2/posts?categories=552'}], 'curies': [{'name': 'wp', 'href': 'https://api.w.org/{rel}', 'templated': True}]}}</msg>
<status status="PASS" starttime="20230421 18:09:24.963" endtime="20230421 18:09:24.963"/>
</kw>
<kw name="Get Key Value" library="libraries.process_data.process_data.ProcessData">
<var>${ID}</var>
<arg>${response_create}</arg>
<arg>id</arg>
<doc>Returns the value of the specified key</doc>
<msg timestamp="20230421 18:09:24.963" level="INFO">${ID} = 552</msg>
<status status="PASS" starttime="20230421 18:09:24.963" endtime="20230421 18:09:24.963"/>
</kw>
<kw name="Get Category" library="categories_crud">
<arg>${ID}</arg>
<arg>200</arg>
<kw name="Get Url" library="libraries.process_data.url_assembler.UrlAssembler">
<var>${url}</var>
<arg>endpoint=${endpoint}</arg>
<doc>Returns the URL</doc>
<msg timestamp="20230421 18:09:24.964" level="INFO">${url} = http://localhost/wordpress/wp-json/wp/v2/categories</msg>
<status status="PASS" starttime="20230421 18:09:24.963" endtime="20230421 18:09:24.964"/>
</kw>
<kw name="Custom Get" library="libraries.requests.custom_request.CustomRequest">
<var>${response_get}</var>
<arg>${session}</arg>
<arg>${url}/${id}</arg>
<arg>${params}</arg>
<arg>${status}</arg>
<doc>Custom get request</doc>
<msg timestamp="20230421 18:09:25.194" level="INFO">${response_get} = {'id': 552, 'count': 0, 'description': 'this is a description 37713374127692880437940237771128450981652084922327HQWNXKSIDVVYVXUEUKBLVPGTKRLVRYYUDEIDTXSBFXOERGAOPG', 'link': 'http://localhost/wordpress...</msg>
<status status="PASS" starttime="20230421 18:09:24.964" endtime="20230421 18:09:25.194"/>
</kw>
<kw name="Verify Schema" library="libraries.assertions.verification.Verification">
<arg>${schemas_path}/get_category.json</arg>
<arg>${response_get}</arg>
<doc>Asserts the response corresponds to the schema</doc>
<msg timestamp="20230421 18:09:25.195" level="INFO">*****Expected******</msg>
<msg timestamp="20230421 18:09:25.195" level="INFO">{'$schema': 'http://json-schema.org/draft-04/schema#', 'type': 'object', 'properties': {'id': {'type': 'integer'}, 'count': {'type': 'integer'}, 'description': {'type': 'string'}, 'link': {'type': 'string'}, 'name': {'type': 'string'}, 'slug': {'type': 'string'}, 'taxonomy': {'type': 'string'}, 'parent': {'type': 'integer'}, 'meta': {'type': 'array', 'items': {}}, '_links': {'type': 'object', 'properties': {'self': {'type': 'array', 'items': [{'type': 'object', 'properties': {'href': {'type': 'string'}}, 'required': ['href']}]}, 'collection': {'type': 'array', 'items': [{'type': 'object', 'properties': {'href': {'type': 'string'}}, 'required': ['href']}]}, 'about': {'type': 'array', 'items': [{'type': 'object', 'properties': {'href': {'type': 'string'}}, 'required': ['href']}]}, 'wp:post_type': {'type': 'array', 'items': [{'type': 'object', 'properties': {'href': {'type': 'string'}}, 'required': ['href']}]}, 'curies': {'type': 'array', 'items': [{'type': 'object', 'properties': {'name': {'type': 'string'}, 'href': {'type': 'string'}, 'templated': {'type': 'boolean'}}, 'required': ['name', 'href', 'templated']}]}}, 'required': ['self', 'collection', 'about', 'wp:post_type', 'curies']}}, 'required': ['id', 'count', 'description', 'link', 'name', 'slug', 'taxonomy', 'parent', 'meta', '_links']}</msg>
<msg timestamp="20230421 18:09:25.195" level="INFO">*****Actual******</msg>
<msg timestamp="20230421 18:09:25.195" level="INFO">{'id': 552, 'count': 0, 'description': 'this is a description 37713374127692880437940237771128450981652084922327HQWNXKSIDVVYVXUEUKBLVPGTKRLVRYYUDEIDTXSBFXOERGAOPG', 'link': 'http://localhost/wordpress/category/category91371lubym/', 'name': 'category91371LUBYM', 'slug': 'category91371lubym', 'taxonomy': 'category', 'parent': 0, 'meta': [], '_links': {'self': [{'href': 'http://localhost/wordpress/wp-json/wp/v2/categories/552'}], 'collection': [{'href': 'http://localhost/wordpress/wp-json/wp/v2/categories'}], 'about': [{'href': 'http://localhost/wordpress/wp-json/wp/v2/taxonomies/category'}], 'wp:post_type': [{'href': 'http://localhost/wordpress/wp-json/wp/v2/posts?categories=552'}], 'curies': [{'name': 'wp', 'href': 'https://api.w.org/{rel}', 'templated': True}]}}</msg>
<status status="PASS" starttime="20230421 18:09:25.194" endtime="20230421 18:09:25.197"/>
</kw>
<kw name="Set Global Variable" library="BuiltIn">
<arg>${response_get}</arg>
<doc>Makes a variable available globally in all tests and suites.</doc>
<msg timestamp="20230421 18:09:25.197" level="INFO">${response_get} = {'id': 552, 'count': 0, 'description': 'this is a description 37713374127692880437940237771128450981652084922327HQWNXKSIDVVYVXUEUKBLVPGTKRLVRYYUDEIDTXSBFXOERGAOPG', 'link': 'http://localhost/wordpress...</msg>
<status status="PASS" starttime="20230421 18:09:25.197" endtime="20230421 18:09:25.197"/>
</kw>
<status status="PASS" starttime="20230421 18:09:24.963" endtime="20230421 18:09:25.197"/>
</kw>
<kw name="Verify Subset Ignore" library="libraries.assertions.verification.Verification">
<arg>${response_get}</arg>
<arg>${body}</arg>
<doc>Asserts the expected is subset of actual ignoring params</doc>
<msg timestamp="20230421 18:09:25.198" level="INFO">*****Expected******</msg>
<msg timestamp="20230421 18:09:25.198" level="INFO">{'name': 'category91371LUBYM', 'description': 'this is a description 37713374127692880437940237771128450981652084922327HQWNXKSIDVVYVXUEUKBLVPGTKRLVRYYUDEIDTXSBFXOERGAOPG', 'slug': 'category91371lubym', 'meta': []}</msg>
<msg timestamp="20230421 18:09:25.198" level="INFO">*****Actual******</msg>
<msg timestamp="20230421 18:09:25.198" level="INFO">{'id': 552, 'count': 0, 'description': 'this is a description 37713374127692880437940237771128450981652084922327HQWNXKSIDVVYVXUEUKBLVPGTKRLVRYYUDEIDTXSBFXOERGAOPG', 'link': 'http://localhost/wordpress/category/category91371lubym/', 'name': 'category91371LUBYM', 'slug': 'category91371lubym', 'taxonomy': 'category', 'parent': 0, 'meta': [], '_links': {'self': [{'href': 'http://localhost/wordpress/wp-json/wp/v2/categories/552'}], 'collection': [{'href': 'http://localhost/wordpress/wp-json/wp/v2/categories'}], 'about': [{'href': 'http://localhost/wordpress/wp-json/wp/v2/taxonomies/category'}], 'wp:post_type': [{'href': 'http://localhost/wordpress/wp-json/wp/v2/posts?categories=552'}], 'curies': [{'name': 'wp', 'href': 'https://api.w.org/{rel}', 'templated': True}]}}</msg>
<status status="PASS" starttime="20230421 18:09:25.197" endtime="20230421 18:09:25.198"/>
</kw>
<kw name="Set Global Variable" library="BuiltIn">
<arg>${ID}</arg>
<doc>Makes a variable available globally in all tests and suites.</doc>
<msg timestamp="20230421 18:09:25.198" level="INFO">${ID} = 552</msg>
<status status="PASS" starttime="20230421 18:09:25.198" endtime="20230421 18:09:25.198"/>
</kw>
<kw name="Set Global Variable" library="BuiltIn">
<arg>${response_create}</arg>
<doc>Makes a variable available globally in all tests and suites.</doc>
<msg timestamp="20230421 18:09:25.198" level="INFO">${response_create} = {'id': 552, 'count': 0, 'description': 'this is a description 37713374127692880437940237771128450981652084922327HQWNXKSIDVVYVXUEUKBLVPGTKRLVRYYUDEIDTXSBFXOERGAOPG', 'link': 'http://localhost/wordpress...</msg>
<status status="PASS" starttime="20230421 18:09:25.198" endtime="20230421 18:09:25.198"/>
</kw>
<status status="PASS" starttime="20230421 18:09:24.700" endtime="20230421 18:09:25.198"/>
</kw>
<kw name="Obtain existent slug">
<kw name="Get Key Value" library="libraries.process_data.process_data.ProcessData">
<var>${slug}</var>
<arg>${body1}</arg>
<arg>slug</arg>
<doc>Returns the value of the specified key</doc>
<msg timestamp="20230421 18:09:25.199" level="INFO">${slug} = category78598ybict</msg>
<status status="PASS" starttime="20230421 18:09:25.199" endtime="20230421 18:09:25.199"/>
</kw>
<kw name="Create Dictionary" library="BuiltIn">
<var>${body3}</var>
<arg>slug=${slug}</arg>
<doc>Creates and returns a dictionary based on the given ``items``.</doc>
<msg timestamp="20230421 18:09:25.199" level="INFO">${body3} = {'slug': 'category78598ybict'}</msg>
<status status="PASS" starttime="20230421 18:09:25.199" endtime="20230421 18:09:25.199"/>
</kw>
<kw name="Set Global Variable" library="BuiltIn">
<arg>${body3}</arg>
<doc>Makes a variable available globally in all tests and suites.</doc>
<msg timestamp="20230421 18:09:25.200" level="INFO">${body3} = {'slug': 'category78598ybict'}</msg>
<status status="PASS" starttime="20230421 18:09:25.199" endtime="20230421 18:09:25.200"/>
</kw>
<status status="PASS" starttime="20230421 18:09:25.199" endtime="20230421 18:09:25.200"/>
</kw>
<kw name="Edit category with existent slug">
<kw name="Update Category With Error" library="categories_crud_with_errors">
<arg>${ID}</arg>
<arg>${body3}</arg>
<arg>500</arg>
<kw name="Get Url" library="libraries.process_data.url_assembler.UrlAssembler">
<var>${url}</var>
<arg>endpoint=${endpoint}</arg>
<doc>Returns the URL</doc>
<msg timestamp="20230421 18:09:25.200" level="INFO">${url} = http://localhost/wordpress/wp-json/wp/v2/categories</msg>
<status status="PASS" starttime="20230421 18:09:25.200" endtime="20230421 18:09:25.200"/>
</kw>
<kw name="Custom Put" library="libraries.requests.custom_request.CustomRequest">
<var>${response_put}</var>
<arg>${session}</arg>
<arg>${url}/${ID}</arg>
<arg>${params}</arg>
<arg>${body}</arg>
<arg>${status}</arg>
<doc>Custom put request</doc>
<msg timestamp="20230421 18:09:25.434" level="INFO">${response_put} = {'code': 'duplicate_term_slug', 'message': 'The slug &amp;#8220;category78598ybict&amp;#8221; is already in use by another term.', 'data': None}</msg>
<status status="PASS" starttime="20230421 18:09:25.200" endtime="20230421 18:09:25.434"/>
</kw>
<kw name="Log" library="BuiltIn">
<arg>Edit response: ${response_put}</arg>
<doc>Logs the given message with the given level.</doc>
<msg timestamp="20230421 18:09:25.434" level="INFO">Edit response: {'code': 'duplicate_term_slug', 'message': 'The slug &amp;#8220;category78598ybict&amp;#8221; is already in use by another term.', 'data': None}</msg>
<status status="PASS" starttime="20230421 18:09:25.434" endtime="20230421 18:09:25.434"/>
</kw>
<kw name="Set Global Variable" library="BuiltIn">
<arg>${response_put}</arg>
<doc>Makes a variable available globally in all tests and suites.</doc>
<msg timestamp="20230421 18:09:25.435" level="INFO">${response_put} = {'code': 'duplicate_term_slug', 'message': 'The slug &amp;#8220;category78598ybict&amp;#8221; is already in use by another term.', 'data': None}</msg>
<status status="PASS" starttime="20230421 18:09:25.435" endtime="20230421 18:09:25.435"/>
</kw>
<status status="PASS" starttime="20230421 18:09:25.200" endtime="20230421 18:09:25.435"/>
</kw>
<kw name="Get Key Value" library="libraries.process_data.process_data.ProcessData">
<var>${code}</var>
<arg>${response_put}</arg>
<arg>code</arg>
<doc>Returns the value of the specified key</doc>
<msg timestamp="20230421 18:09:25.435" level="INFO">${code} = duplicate_term_slug</msg>
<status status="PASS" starttime="20230421 18:09:25.435" endtime="20230421 18:09:25.435"/>
</kw>
<kw name="Verify Equal Ignore" library="libraries.assertions.verification.Verification">
<arg>duplicate_term_slug</arg>
<arg>${code}</arg>
<doc>Asserts the actual is equal to expected ignoring params</doc>
<msg timestamp="20230421 18:09:25.435" level="INFO">*****Expected******</msg>
<msg timestamp="20230421 18:09:25.435" level="INFO">duplicate_term_slug</msg>
<msg timestamp="20230421 18:09:25.435" level="INFO">*****Actual******</msg>
<msg timestamp="20230421 18:09:25.435" level="INFO">duplicate_term_slug</msg>
<msg timestamp="20230421 18:09:25.435" level="INFO">[]</msg>
<msg timestamp="20230421 18:09:25.435" level="INFO">&lt;class 'list'&gt;</msg>
<msg timestamp="20230421 18:09:25.435" level="INFO">&lt;class 'str'&gt;</msg>
<msg timestamp="20230421 18:09:25.435" level="INFO">&lt;class 'str'&gt;</msg>
<status status="PASS" starttime="20230421 18:09:25.435" endtime="20230421 18:09:25.435"/>
</kw>
<status status="PASS" starttime="20230421 18:09:25.200" endtime="20230421 18:09:25.435"/>
</kw>
<status status="PASS" starttime="20230421 18:09:24.187" endtime="20230421 18:09:25.436"/>
</test>
<status status="PASS" starttime="20230421 18:09:24.181" endtime="20230421 18:09:25.437"/>
</suite>
<status status="PASS" starttime="20230421 18:09:01.741" endtime="20230421 18:09:25.438"/>
</suite>
<statistics>
<total>
<stat pass="16" fail="0" skip="0">All Tests</stat>
</total>
<tag>
</tag>
<suite>
<stat pass="16" fail="0" skip="0" id="s1" name="Categories">Categories</stat>
<stat pass="1" fail="0" skip="0" id="s1-s1" name="Tb76 Categories">Categories.Tb76 Categories</stat>
<stat pass="1" fail="0" skip="0" id="s1-s2" name="Tb77 Categories">Categories.Tb77 Categories</stat>
<stat pass="1" fail="0" skip="0" id="s1-s3" name="Tb78 Categories">Categories.Tb78 Categories</stat>
<stat pass="1" fail="0" skip="0" id="s1-s4" name="Tb79 Categories">Categories.Tb79 Categories</stat>
<stat pass="1" fail="0" skip="0" id="s1-s5" name="Tb80 Categories">Categories.Tb80 Categories</stat>
<stat pass="1" fail="0" skip="0" id="s1-s6" name="Tb81 Categories">Categories.Tb81 Categories</stat>
<stat pass="7" fail="0" skip="0" id="s1-s7" name="Tb82 Categories">Categories.Tb82 Categories</stat>
<stat pass="1" fail="0" skip="0" id="s1-s8" name="Tb83 Categories">Categories.Tb83 Categories</stat>
<stat pass="1" fail="0" skip="0" id="s1-s9" name="Tb84 Categories">Categories.Tb84 Categories</stat>
<stat pass="1" fail="0" skip="0" id="s1-s10" name="Tb85 Categories">Categories.Tb85 Categories</stat>
</suite>
</statistics>
<errors>
</errors>
</robot>
